ECHO is off.
ECHO is off.
NOTE: Using modified tcl85t.dll from https://gitenterprise.xilinx.com/ACT/vitis_hls_tcl
INFO: [HLS 200-10] Running 'C:/Xilinx/Vitis_HLS/2023.1/bin/unwrapped/win64.o/vitis_hls.exe'
INFO: [HLS 200-10] For user '16696' on host 'bernie' (Windows NT_amd64 version 6.2) on Fri Oct 10 12:29:15 +1100 2025
INFO: [HLS 200-10] In directory 'C:/Xilinx/golden'
Sourcing Tcl script 'C:/Xilinx/golden/srcnn_hls/solution1/csim.tcl'
INFO: [HLS 200-1510] Running: source C:/Xilinx/golden/srcnn_hls/solution1/csim.tcl
INFO: [HLS 200-1510] Running: open_project srcnn_hls 
INFO: [HLS 200-10] Opening project 'C:/Xilinx/golden/srcnn_hls'.
INFO: [HLS 200-1510] Running: set_top srcnn 
INFO: [HLS 200-1510] Running: add_files src/conv1.cpp 
INFO: [HLS 200-10] Adding design file 'src/conv1.cpp' to the project
INFO: [HLS 200-1510] Running: add_files src/conv2.cpp 
INFO: [HLS 200-10] Adding design file 'src/conv2.cpp' to the project
INFO: [HLS 200-1510] Running: add_files src/conv3.cpp 
INFO: [HLS 200-10] Adding design file 'src/conv3.cpp' to the project
INFO: [HLS 200-1510] Running: add_files src/srcnn.cpp 
INFO: [HLS 200-10] Adding design file 'src/srcnn.cpp' to the project
INFO: [HLS 200-1510] Running: add_files src/srcnn.h 
INFO: [HLS 200-10] Adding design file 'src/srcnn.h' to the project
INFO: [HLS 200-1510] Running: add_files -tb test/set14 -cflags -Wno-unknown-pragmas 
INFO: [HLS 200-10] Adding test bench file 'test/set14' to the project
INFO: [HLS 200-1510] Running: add_files -tb test/set5 -cflags -Wno-unknown-pragmas 
INFO: [HLS 200-10] Adding test bench file 'test/set5' to the project
INFO: [HLS 200-1510] Running: add_files -tb src/weights -cflags -Wno-unknown-pragmas 
INFO: [HLS 200-10] Adding test bench file 'src/weights' to the project
INFO: [HLS 200-1510] Running: add_files -tb test/util.cpp -cflags -Isrc -Wno-unknown-pragmas 
INFO: [HLS 200-10] Adding test bench file 'test/util.cpp' to the project
INFO: [HLS 200-1510] Running: add_files -tb test/util.h -cflags -Isrc -Wno-unknown-pragmas 
INFO: [HLS 200-10] Adding test bench file 'test/util.h' to the project
INFO: [HLS 200-1510] Running: add_files -tb test/tb_set14.cpp -cflags -Isrc -Wno-unknown-pragmas 
INFO: [HLS 200-10] Adding test bench file 'test/tb_set14.cpp' to the project
INFO: [HLS 200-1510] Running: add_files -tb test/tb_conv1.cpp -cflags -Isrc -Wno-unknown-pragmas 
INFO: [HLS 200-10] Adding test bench file 'test/tb_conv1.cpp' to the project
INFO: [HLS 200-1510] Running: add_files -tb test/tb_srcnn.cpp -cflags -Isrc -Wno-unknown-pragmas 
INFO: [HLS 200-10] Adding test bench file 'test/tb_srcnn.cpp' to the project
INFO: [HLS 200-1510] Running: add_files -tb test/csim.cpp -cflags -Isrc -Wno-unknown-pragmas 
INFO: [HLS 200-10] Adding test bench file 'test/csim.cpp' to the project
INFO: [HLS 200-1510] Running: open_solution solution1 -flow_target vivado 
INFO: [HLS 200-10] Opening solution 'C:/Xilinx/golden/srcnn_hls/solution1'.
INFO: [SYN 201-201] Setting up clock 'default' with a period of 10ns.
INFO: [HLS 200-1611] Setting target device to 'xck26-sfvc784-2LV-c'
INFO: [HLS 200-1505] Using flow_target 'vivado'
Resolution: For help on HLS 200-1505 see www.xilinx.com/cgi-bin/docs/rdoc?v=2023.1;t=hls+guidance;d=200-1505.html
INFO: [HLS 200-1510] Running: set_part xck26-sfvc784-2LV-c 
INFO: [HLS 200-1510] Running: create_clock -period 10 -name default 
INFO: [HLS 200-1510] Running: source ./srcnn_hls/solution1/directives.tcl
INFO: [HLS 200-1510] Running: set_directive_top -name srcnn srcnn 
INFO: [HLS 200-1510] Running: csim_design -quiet 
INFO: [SIM 211-2] *************** CSIM start ***************
INFO: [SIM 211-4] CSIM will launch GCC as the compiler.
INFO: [HLS 200-2036] Building debug C Simulation binaries
   Compiling ../../../../test/util.cpp in debug mode
   Compiling ../../../../test/tb_set14.cpp in debug mode
   Compiling ../../../../test/tb_conv1.cpp in debug mode
   Compiling ../../../../test/tb_srcnn.cpp in debug mode
   Compiling ../../../../src/conv1.cpp in debug mode
   Compiling ../../../../src/conv2.cpp in debug mode
   Compiling ../../../../src/conv3.cpp in debug mode
   Compiling ../../../../src/srcnn.cpp in debug mode
   Generating csim.exe
In file included from C:/Xilinx/Vitis_HLS/2023.1/include/floating_point_v7_1_bitacc_cmodel.h:149:0,
                 from C:/Xilinx/Vitis_HLS/2023.1/include/hls_fpo.h:143,
                 from C:/Xilinx/Vitis_HLS/2023.1/include/etc/hls_half_fpo.h:18,
                 from C:/Xilinx/Vitis_HLS/2023.1/include/hls_half.h:25,
                 from C:/Xilinx/Vitis_HLS/2023.1/include/etc/ap_private.h:52,
                 from C:/Xilinx/Vitis_HLS/2023.1/include/etc/ap_common.h:666,
                 from C:/Xilinx/Vitis_HLS/2023.1/include/ap_fixed.h:9,
                 from ../../../../src/conv1.cpp:1:
C:/Xilinx/Vitis_HLS/2023.1/include/gmp.h:58:0: warning: "__GMP_LIBGMP_DLL" redefined
 #define __GMP_LIBGMP_DLL  0
 
In file included from C:/Xilinx/Vitis_HLS/2023.1/include/hls_fpo.h:143:0,
                 from C:/Xilinx/Vitis_HLS/2023.1/include/etc/hls_half_fpo.h:18,
                 from C:/Xilinx/Vitis_HLS/2023.1/include/hls_half.h:25,
                 from C:/Xilinx/Vitis_HLS/2023.1/include/etc/ap_private.h:52,
                 from C:/Xilinx/Vitis_HLS/2023.1/include/etc/ap_common.h:666,
                 from C:/Xilinx/Vitis_HLS/2023.1/include/ap_fixed.h:9,
                 from ../../../../src/conv1.cpp:1:
C:/Xilinx/Vitis_HLS/2023.1/include/floating_point_v7_1_bitacc_cmodel.h:141:0: note: this is the location of the previous definition
 #define __GMP_LIBGMP_DLL 1
 
