

================================================================
== Vitis HLS Report for 'conv1'
================================================================
* Date:           Sun Sep 28 13:51:30 2025

* Version:        2023.1 (Build 3854077 on May  4 2023)
* Project:        srcnn_hls
* Solution:       solution1 (Vivado IP Flow Target)
* Product family: zynquplus
* Target device:  xck26-sfvc784-2LV-c


================================================================
== Performance Estimates
================================================================
+ Timing: 
    * Summary: 
    +--------+----------+----------+------------+
    |  Clock |  Target  | Estimated| Uncertainty|
    +--------+----------+----------+------------+
    |ap_clk  |  10.00 ns|  7.016 ns|     2.70 ns|
    +--------+----------+----------+------------+

+ Latency: 
    * Summary: 
    +------------+------------+------------+------------+------------+------------+---------+
    |     Latency (cycles)    |    Latency (absolute)   |         Interval        | Pipeline|
    |     min    |     max    |     min    |     max    |     min    |     max    |   Type  |
    +------------+------------+------------+------------+------------+------------+---------+
    |  3117071233|  3117071233|  31.171 sec|  31.171 sec|  3117071233|  3117071233|       no|
    +------------+------------+------------+------------+------------+------------+---------+

    + Detail: 
        * Instance: 
        N/A

        * Loop: 
        +--------------------------+------------+------------+----------+-----------+-----------+------+----------+
        |                          |     Latency (cycles)    | Iteration|  Initiation Interval  | Trip |          |
        |         Loop Name        |     min    |     max    |  Latency |  achieved |   target  | Count| Pipelined|
        +--------------------------+------------+------------+----------+-----------+-----------+------+----------+
        |- VITIS_LOOP_11_1         |  3117071232|  3117071232|  48704238|          -|          -|    64|        no|
        | + VITIS_LOOP_12_2        |    48704235|    48704235|    190997|          -|          -|   255|        no|
        |  ++ VITIS_LOOP_13_3      |      190995|      190995|       749|          -|          -|   255|        no|
        |   +++ VITIS_LOOP_18_5    |         747|         747|        83|          -|          -|     9|        no|
        |    ++++ VITIS_LOOP_29_6  |          81|          81|         9|          -|          -|     9|        no|
        +--------------------------+------------+------------+----------+-----------+-----------+------+----------+

============================================================
+ Verbose Summary: Synthesis Manager
============================================================
InlineROM: 1
ExposeGlobal: 0
============================================================
+ Verbose Summary: CDFG Model
============================================================
IsTopModel: 0
ResetActiveHigh: 1
IsCombinational: 0
IsDatapathOnly: 0
HasWiredReturn: 1
HasMFsm: 0
HasVarLatency: 1
IsPipeline: 0
IsRtlPipelined: 0
IsInstanceOverlapped: 0
IsDontTouch: 0
HasImplIP: 0
IsGatedGlobalClock: 0


============================================================
+ Verbose Summary: Schedule
============================================================
* Number of FSM states : 15
* Pipeline : 0
* Dataflow Pipeline: 0

* FSM state transitions: 
1 --> 2 
2 --> 3 
3 --> 4 
4 --> 5 2 
5 --> 6 4 
6 --> 7 5 
7 --> 8 6 
8 --> 9 
9 --> 10 
10 --> 11 
11 --> 12 
12 --> 13 
13 --> 14 
14 --> 15 
15 --> 7 

* FSM state operations: 

State 1 <SV = 0> <Delay = 0.42>
ST_1 : Operation 16 [1/1] (0.00ns)   --->   "%oc = alloca i32 1"   --->   Operation 16 'alloca' 'oc' <Predicate = true> <Delay = 0.00>
ST_1 : Operation 17 [1/1] (0.00ns)   --->   "%specinterface_ln0 = specinterface void @_ssdm_op_SpecInterface, i32 %conv1_biases, void @empty, i32 0, i32 0, void @empty_0, i32 4294967295, i32 0, void @empty_0, void @empty_0, void @empty_0, i32 0, i32 0, i32 0, i32 0, void @empty_0, void @empty_0, i32 4294967295, i32 0"   --->   Operation 17 'specinterface' 'specinterface_ln0' <Predicate = true> <Delay = 0.00>
ST_1 : Operation 18 [1/1] (0.00ns)   --->   "%specinterface_ln0 = specinterface void @_ssdm_op_SpecInterface, i32 %conv1_weights, void @empty, i32 0, i32 0, void @empty_0, i32 4294967295, i32 0, void @empty_0, void @empty_0, void @empty_0, i32 0, i32 0, i32 0, i32 0, void @empty_0, void @empty_0, i32 4294967295, i32 0"   --->   Operation 18 'specinterface' 'specinterface_ln0' <Predicate = true> <Delay = 0.00>
ST_1 : Operation 19 [1/1] (0.00ns)   --->   "%specinterface_ln0 = specinterface void @_ssdm_op_SpecInterface, i32 %input_ftmap, void @empty, i32 0, i32 0, void @empty_0, i32 4294967295, i32 0, void @empty_0, void @empty_0, void @empty_0, i32 0, i32 0, i32 0, i32 0, void @empty_0, void @empty_0, i32 4294967295, i32 0"   --->   Operation 19 'specinterface' 'specinterface_ln0' <Predicate = true> <Delay = 0.00>
ST_1 : Operation 20 [1/1] (0.42ns)   --->   "%store_ln11 = store i7 0, i7 %oc" [src/conv1.cpp:11]   --->   Operation 20 'store' 'store_ln11' <Predicate = true> <Delay = 0.42>
ST_1 : Operation 21 [1/1] (0.00ns)   --->   "%br_ln11 = br void %VITIS_LOOP_12_2" [src/conv1.cpp:11]   --->   Operation 21 'br' 'br_ln11' <Predicate = true> <Delay = 0.00>

State 2 <SV = 1> <Delay = 1.23>
ST_2 : Operation 22 [1/1] (0.00ns)   --->   "%oc_2 = load i7 %oc" [src/conv1.cpp:11]   --->   Operation 22 'load' 'oc_2' <Predicate = true> <Delay = 0.00>
ST_2 : Operation 23 [1/1] (0.00ns)   --->   "%zext_ln11 = zext i7 %oc_2" [src/conv1.cpp:11]   --->   Operation 23 'zext' 'zext_ln11' <Predicate = true> <Delay = 0.00>
ST_2 : Operation 24 [1/1] (0.00ns)   --->   "%zext_ln46 = zext i7 %oc_2" [src/conv1.cpp:46]   --->   Operation 24 'zext' 'zext_ln46' <Predicate = true> <Delay = 0.00>
ST_2 : Operation 25 [1/1] (0.00ns)   --->   "%zext_ln46_3 = zext i7 %oc_2" [src/conv1.cpp:46]   --->   Operation 25 'zext' 'zext_ln46_3' <Predicate = true> <Delay = 0.00>
ST_2 : Operation 26 [1/1] (0.00ns)   --->   "%tmp = bitconcatenate i15 @_ssdm_op_BitConcatenate.i15.i7.i8, i7 %oc_2, i8 0" [src/conv1.cpp:46]   --->   Operation 26 'bitconcatenate' 'tmp' <Predicate = true> <Delay = 0.00>
ST_2 : Operation 27 [1/1] (0.00ns)   --->   "%zext_ln46_4 = zext i15 %tmp" [src/conv1.cpp:46]   --->   Operation 27 'zext' 'zext_ln46_4' <Predicate = true> <Delay = 0.00>
ST_2 : Operation 28 [1/1] (0.84ns)   --->   "%sub_ln46 = sub i16 %zext_ln46_4, i16 %zext_ln46_3" [src/conv1.cpp:46]   --->   Operation 28 'sub' 'sub_ln46' <Predicate = true> <Delay = 0.84> <CoreInst = "Adder">   --->   Core 1 'Adder' <Latency = 0> <II = 1> <Delay = 0.84> <FuncUnit> <Opcode : 'add' 'sub'> <InPorts = 2> <OutPorts = 1>
ST_2 : Operation 29 [1/1] (0.00ns)   --->   "%sext_ln40 = sext i16 %sub_ln46" [src/conv1.cpp:40]   --->   Operation 29 'sext' 'sext_ln40' <Predicate = true> <Delay = 0.00>
ST_2 : Operation 30 [1/1] (0.00ns)   --->   "%tmp_s = bitconcatenate i10 @_ssdm_op_BitConcatenate.i10.i7.i3, i7 %oc_2, i3 0" [src/conv1.cpp:40]   --->   Operation 30 'bitconcatenate' 'tmp_s' <Predicate = true> <Delay = 0.00>
ST_2 : Operation 31 [1/1] (0.00ns)   --->   "%zext_ln40 = zext i10 %tmp_s" [src/conv1.cpp:40]   --->   Operation 31 'zext' 'zext_ln40' <Predicate = true> <Delay = 0.00>
ST_2 : Operation 32 [1/1] (0.78ns)   --->   "%add_ln40 = add i11 %zext_ln40, i11 %zext_ln46" [src/conv1.cpp:40]   --->   Operation 32 'add' 'add_ln40' <Predicate = true> <Delay = 0.78> <CoreInst = "Adder">   --->   Core 1 'Adder' <Latency = 0> <II = 1> <Delay = 0.78> <FuncUnit> <Opcode : 'add' 'sub'> <InPorts = 2> <OutPorts = 1>
ST_2 : Operation 33 [1/1] (0.77ns)   --->   "%icmp_ln11 = icmp_eq  i7 %oc_2, i7 64" [src/conv1.cpp:11]   --->   Operation 33 'icmp' 'icmp_ln11' <Predicate = true> <Delay = 0.77> <CoreInst = "Cmp">   --->   Core 9 'Cmp' <Latency = 0> <II = 1> <Delay = 0.77> <FuncUnit> <Opcode : 'icmp'> <InPorts = 2> <OutPorts = 1>
ST_2 : Operation 34 [1/1] (0.77ns)   --->   "%add_ln11 = add i7 %oc_2, i7 1" [src/conv1.cpp:11]   --->   Operation 34 'add' 'add_ln11' <Predicate = true> <Delay = 0.77> <CoreInst = "Adder">   --->   Core 1 'Adder' <Latency = 0> <II = 1> <Delay = 0.77> <FuncUnit> <Opcode : 'add' 'sub'> <InPorts = 2> <OutPorts = 1>
ST_2 : Operation 35 [1/1] (0.00ns)   --->   "%br_ln11 = br i1 %icmp_ln11, void %VITIS_LOOP_12_2.split, void %for.end71" [src/conv1.cpp:11]   --->   Operation 35 'br' 'br_ln11' <Predicate = true> <Delay = 0.00>
ST_2 : Operation 36 [1/1] (0.00ns)   --->   "%conv1_biases_addr = getelementptr i32 %conv1_biases, i64 0, i64 %zext_ln11" [src/conv1.cpp:11]   --->   Operation 36 'getelementptr' 'conv1_biases_addr' <Predicate = (!icmp_ln11)> <Delay = 0.00>
ST_2 : Operation 37 [2/2] (1.23ns)   --->   "%conv1_biases_load = load i6 %conv1_biases_addr" [src/conv1.cpp:11]   --->   Operation 37 'load' 'conv1_biases_load' <Predicate = (!icmp_ln11)> <Delay = 1.23> <CoreInst = "RAM">   --->   Core 83 'RAM' <Latency = 1> <II = 1> <Delay = 1.23> <Storage> <Opcode : 'load' 'store'> <Ports = 2> <Width = 32> <Depth = 64> <RAM>
ST_2 : Operation 38 [1/1] (0.00ns)   --->   "%ret_ln50 = ret" [src/conv1.cpp:50]   --->   Operation 38 'ret' 'ret_ln50' <Predicate = (icmp_ln11)> <Delay = 0.00>

State 3 <SV = 2> <Delay = 1.23>
ST_3 : Operation 39 [1/1] (0.00ns)   --->   "%speclooptripcount_ln11 = speclooptripcount void @_ssdm_op_SpecLoopTripCount, i64 64, i64 64, i64 64" [src/conv1.cpp:11]   --->   Operation 39 'speclooptripcount' 'speclooptripcount_ln11' <Predicate = true> <Delay = 0.00>
ST_3 : Operation 40 [1/1] (0.00ns)   --->   "%specloopname_ln11 = specloopname void @_ssdm_op_SpecLoopName, void @empty_13" [src/conv1.cpp:11]   --->   Operation 40 'specloopname' 'specloopname_ln11' <Predicate = true> <Delay = 0.00>
ST_3 : Operation 41 [1/2] (1.23ns)   --->   "%conv1_biases_load = load i6 %conv1_biases_addr" [src/conv1.cpp:11]   --->   Operation 41 'load' 'conv1_biases_load' <Predicate = true> <Delay = 1.23> <CoreInst = "RAM">   --->   Core 83 'RAM' <Latency = 1> <II = 1> <Delay = 1.23> <Storage> <Opcode : 'load' 'store'> <Ports = 2> <Width = 32> <Depth = 64> <RAM>
ST_3 : Operation 42 [1/1] (0.00ns)   --->   "%acc = bitcast i32 %conv1_biases_load" [src/conv1.cpp:11]   --->   Operation 42 'bitcast' 'acc' <Predicate = true> <Delay = 0.00>
ST_3 : Operation 43 [1/1] (0.42ns)   --->   "%br_ln12 = br void %VITIS_LOOP_13_3" [src/conv1.cpp:12]   --->   Operation 43 'br' 'br_ln12' <Predicate = true> <Delay = 0.42>

State 4 <SV = 3> <Delay = 1.76>
ST_4 : Operation 44 [1/1] (0.00ns)   --->   "%y = phi i8 %add_ln12, void %for.inc66, i8 0, void %VITIS_LOOP_12_2.split" [src/conv1.cpp:19]   --->   Operation 44 'phi' 'y' <Predicate = true> <Delay = 0.00>
ST_4 : Operation 45 [1/1] (0.00ns)   --->   "%zext_ln46_5 = zext i8 %y" [src/conv1.cpp:46]   --->   Operation 45 'zext' 'zext_ln46_5' <Predicate = true> <Delay = 0.00>
ST_4 : Operation 46 [1/1] (0.85ns)   --->   "%add_ln46 = add i17 %sext_ln40, i17 %zext_ln46_5" [src/conv1.cpp:46]   --->   Operation 46 'add' 'add_ln46' <Predicate = true> <Delay = 0.85> <CoreInst = "Adder">   --->   Core 1 'Adder' <Latency = 0> <II = 1> <Delay = 0.85> <FuncUnit> <Opcode : 'add' 'sub'> <InPorts = 2> <OutPorts = 1>
ST_4 : Operation 47 [1/1] (0.00ns)   --->   "%sext_ln46 = sext i17 %add_ln46" [src/conv1.cpp:46]   --->   Operation 47 'sext' 'sext_ln46' <Predicate = true> <Delay = 0.00>
ST_4 : Operation 48 [1/1] (0.00ns)   --->   "%trunc_ln46 = trunc i17 %add_ln46" [src/conv1.cpp:46]   --->   Operation 48 'trunc' 'trunc_ln46' <Predicate = true> <Delay = 0.00>
ST_4 : Operation 49 [1/1] (0.00ns)   --->   "%p_shl2 = bitconcatenate i22 @_ssdm_op_BitConcatenate.i22.i14.i8, i14 %trunc_ln46, i8 0" [src/conv1.cpp:46]   --->   Operation 49 'bitconcatenate' 'p_shl2' <Predicate = true> <Delay = 0.00>
ST_4 : Operation 50 [1/1] (0.91ns)   --->   "%sub_ln46_1 = sub i22 %p_shl2, i22 %sext_ln46" [src/conv1.cpp:46]   --->   Operation 50 'sub' 'sub_ln46_1' <Predicate = true> <Delay = 0.91> <CoreInst = "Adder">   --->   Core 1 'Adder' <Latency = 0> <II = 1> <Delay = 0.91> <FuncUnit> <Opcode : 'add' 'sub'> <InPorts = 2> <OutPorts = 1>
ST_4 : Operation 51 [1/1] (0.00ns)   --->   "%zext_ln12 = zext i8 %y" [src/conv1.cpp:12]   --->   Operation 51 'zext' 'zext_ln12' <Predicate = true> <Delay = 0.00>
ST_4 : Operation 52 [1/1] (0.76ns)   --->   "%icmp_ln12 = icmp_eq  i8 %y, i8 255" [src/conv1.cpp:12]   --->   Operation 52 'icmp' 'icmp_ln12' <Predicate = true> <Delay = 0.76> <CoreInst = "Cmp">   --->   Core 9 'Cmp' <Latency = 0> <II = 1> <Delay = 0.76> <FuncUnit> <Opcode : 'icmp'> <InPorts = 2> <OutPorts = 1>
ST_4 : Operation 53 [1/1] (0.76ns)   --->   "%add_ln12 = add i8 %y, i8 1" [src/conv1.cpp:12]   --->   Operation 53 'add' 'add_ln12' <Predicate = true> <Delay = 0.76> <CoreInst = "Adder">   --->   Core 1 'Adder' <Latency = 0> <II = 1> <Delay = 0.76> <FuncUnit> <Opcode : 'add' 'sub'> <InPorts = 2> <OutPorts = 1>
ST_4 : Operation 54 [1/1] (0.00ns)   --->   "%br_ln12 = br i1 %icmp_ln12, void %VITIS_LOOP_13_3.split, void %for.inc69" [src/conv1.cpp:12]   --->   Operation 54 'br' 'br_ln12' <Predicate = true> <Delay = 0.00>
ST_4 : Operation 55 [1/1] (0.00ns)   --->   "%speclooptripcount_ln12 = speclooptripcount void @_ssdm_op_SpecLoopTripCount, i64 255, i64 255, i64 255" [src/conv1.cpp:12]   --->   Operation 55 'speclooptripcount' 'speclooptripcount_ln12' <Predicate = (!icmp_ln12)> <Delay = 0.00>
ST_4 : Operation 56 [1/1] (0.00ns)   --->   "%specloopname_ln12 = specloopname void @_ssdm_op_SpecLoopName, void @empty_12" [src/conv1.cpp:12]   --->   Operation 56 'specloopname' 'specloopname_ln12' <Predicate = (!icmp_ln12)> <Delay = 0.00>
ST_4 : Operation 57 [1/1] (0.42ns)   --->   "%br_ln13 = br void %VITIS_LOOP_17_4" [src/conv1.cpp:13]   --->   Operation 57 'br' 'br_ln13' <Predicate = (!icmp_ln12)> <Delay = 0.42>
ST_4 : Operation 58 [1/1] (0.42ns)   --->   "%store_ln11 = store i7 %add_ln11, i7 %oc" [src/conv1.cpp:11]   --->   Operation 58 'store' 'store_ln11' <Predicate = (icmp_ln12)> <Delay = 0.42>
ST_4 : Operation 59 [1/1] (0.00ns)   --->   "%br_ln11 = br void %VITIS_LOOP_12_2" [src/conv1.cpp:11]   --->   Operation 59 'br' 'br_ln11' <Predicate = (icmp_ln12)> <Delay = 0.00>

State 5 <SV = 4> <Delay = 0.91>
ST_5 : Operation 60 [1/1] (0.00ns)   --->   "%x = phi i8 %add_ln13, void %for.inc63, i8 0, void %VITIS_LOOP_13_3.split" [src/conv1.cpp:30]   --->   Operation 60 'phi' 'x' <Predicate = true> <Delay = 0.00>
ST_5 : Operation 61 [1/1] (0.00ns)   --->   "%zext_ln46_6 = zext i8 %x" [src/conv1.cpp:46]   --->   Operation 61 'zext' 'zext_ln46_6' <Predicate = true> <Delay = 0.00>
ST_5 : Operation 62 [1/1] (0.91ns)   --->   "%add_ln46_1 = add i22 %sub_ln46_1, i22 %zext_ln46_6" [src/conv1.cpp:46]   --->   Operation 62 'add' 'add_ln46_1' <Predicate = true> <Delay = 0.91> <CoreInst = "Adder">   --->   Core 1 'Adder' <Latency = 0> <II = 1> <Delay = 0.91> <FuncUnit> <Opcode : 'add' 'sub'> <InPorts = 2> <OutPorts = 1>
ST_5 : Operation 63 [1/1] (0.00ns)   --->   "%zext_ln46_7 = zext i22 %add_ln46_1" [src/conv1.cpp:46]   --->   Operation 63 'zext' 'zext_ln46_7' <Predicate = true> <Delay = 0.00>
ST_5 : Operation 64 [1/1] (0.00ns)   --->   "%feat1_addr = getelementptr i32 %feat1, i64 0, i64 %zext_ln46_7" [src/conv1.cpp:46]   --->   Operation 64 'getelementptr' 'feat1_addr' <Predicate = true> <Delay = 0.00>
ST_5 : Operation 65 [1/1] (0.00ns)   --->   "%zext_ln13 = zext i8 %x" [src/conv1.cpp:13]   --->   Operation 65 'zext' 'zext_ln13' <Predicate = true> <Delay = 0.00>
ST_5 : Operation 66 [1/1] (0.76ns)   --->   "%icmp_ln13 = icmp_eq  i8 %x, i8 255" [src/conv1.cpp:13]   --->   Operation 66 'icmp' 'icmp_ln13' <Predicate = true> <Delay = 0.76> <CoreInst = "Cmp">   --->   Core 9 'Cmp' <Latency = 0> <II = 1> <Delay = 0.76> <FuncUnit> <Opcode : 'icmp'> <InPorts = 2> <OutPorts = 1>
ST_5 : Operation 67 [1/1] (0.76ns)   --->   "%add_ln13 = add i8 %x, i8 1" [src/conv1.cpp:13]   --->   Operation 67 'add' 'add_ln13' <Predicate = true> <Delay = 0.76> <CoreInst = "Adder">   --->   Core 1 'Adder' <Latency = 0> <II = 1> <Delay = 0.76> <FuncUnit> <Opcode : 'add' 'sub'> <InPorts = 2> <OutPorts = 1>
ST_5 : Operation 68 [1/1] (0.00ns)   --->   "%br_ln13 = br i1 %icmp_ln13, void %VITIS_LOOP_17_4.split, void %for.inc66" [src/conv1.cpp:13]   --->   Operation 68 'br' 'br_ln13' <Predicate = true> <Delay = 0.00>
ST_5 : Operation 69 [1/1] (0.00ns)   --->   "%speclooptripcount_ln13 = speclooptripcount void @_ssdm_op_SpecLoopTripCount, i64 255, i64 255, i64 255" [src/conv1.cpp:13]   --->   Operation 69 'speclooptripcount' 'speclooptripcount_ln13' <Predicate = (!icmp_ln13)> <Delay = 0.00>
ST_5 : Operation 70 [1/1] (0.00ns)   --->   "%specloopname_ln13 = specloopname void @_ssdm_op_SpecLoopName, void @empty_11" [src/conv1.cpp:13]   --->   Operation 70 'specloopname' 'specloopname_ln13' <Predicate = (!icmp_ln13)> <Delay = 0.00>
ST_5 : Operation 71 [1/1] (0.42ns)   --->   "%br_ln18 = br void %for.body16" [src/conv1.cpp:18]   --->   Operation 71 'br' 'br_ln18' <Predicate = (!icmp_ln13)> <Delay = 0.42>
ST_5 : Operation 72 [1/1] (0.00ns)   --->   "%br_ln12 = br void %VITIS_LOOP_13_3" [src/conv1.cpp:12]   --->   Operation 72 'br' 'br_ln12' <Predicate = (icmp_ln13)> <Delay = 0.00>

State 6 <SV = 5> <Delay = 3.59>
ST_6 : Operation 73 [1/1] (0.00ns)   --->   "%ky = phi i4 0, void %VITIS_LOOP_17_4.split, i4 %add_ln18, void %for.inc51" [src/conv1.cpp:19]   --->   Operation 73 'phi' 'ky' <Predicate = true> <Delay = 0.00>
ST_6 : Operation 74 [1/1] (0.00ns)   --->   "%acc_7 = phi i32 %acc, void %VITIS_LOOP_17_4.split, i32 %acc_8, void %for.inc51"   --->   Operation 74 'phi' 'acc_7' <Predicate = true> <Delay = 0.00>
ST_6 : Operation 75 [1/1] (0.00ns)   --->   "%zext_ln40_1 = zext i4 %ky" [src/conv1.cpp:40]   --->   Operation 75 'zext' 'zext_ln40_1' <Predicate = true> <Delay = 0.00>
ST_6 : Operation 76 [1/1] (0.79ns)   --->   "%add_ln40_1 = add i11 %add_ln40, i11 %zext_ln40_1" [src/conv1.cpp:40]   --->   Operation 76 'add' 'add_ln40_1' <Predicate = true> <Delay = 0.79> <CoreInst = "Adder">   --->   Core 1 'Adder' <Latency = 0> <II = 1> <Delay = 0.79> <FuncUnit> <Opcode : 'add' 'sub'> <InPorts = 2> <OutPorts = 1>
ST_6 : Operation 77 [1/1] (0.00ns)   --->   "%zext_ln40_2 = zext i11 %add_ln40_1" [src/conv1.cpp:40]   --->   Operation 77 'zext' 'zext_ln40_2' <Predicate = true> <Delay = 0.00>
ST_6 : Operation 78 [1/1] (0.00ns)   --->   "%trunc_ln40 = trunc i11 %add_ln40_1" [src/conv1.cpp:40]   --->   Operation 78 'trunc' 'trunc_ln40' <Predicate = true> <Delay = 0.00>
ST_6 : Operation 79 [1/1] (0.00ns)   --->   "%p_shl3 = bitconcatenate i13 @_ssdm_op_BitConcatenate.i13.i10.i3, i10 %trunc_ln40, i3 0" [src/conv1.cpp:40]   --->   Operation 79 'bitconcatenate' 'p_shl3' <Predicate = true> <Delay = 0.00>
ST_6 : Operation 80 [1/1] (0.82ns)   --->   "%add_ln40_2 = add i13 %p_shl3, i13 %zext_ln40_2" [src/conv1.cpp:40]   --->   Operation 80 'add' 'add_ln40_2' <Predicate = true> <Delay = 0.82> <CoreInst = "Adder">   --->   Core 1 'Adder' <Latency = 0> <II = 1> <Delay = 0.82> <FuncUnit> <Opcode : 'add' 'sub'> <InPorts = 2> <OutPorts = 1>
ST_6 : Operation 81 [1/1] (0.79ns)   --->   "%icmp_ln18 = icmp_eq  i4 %ky, i4 9" [src/conv1.cpp:18]   --->   Operation 81 'icmp' 'icmp_ln18' <Predicate = true> <Delay = 0.79> <CoreInst = "Cmp">   --->   Core 9 'Cmp' <Latency = 0> <II = 1> <Delay = 0.79> <FuncUnit> <Opcode : 'icmp'> <InPorts = 2> <OutPorts = 1>
ST_6 : Operation 82 [1/1] (0.79ns)   --->   "%add_ln18 = add i4 %ky, i4 1" [src/conv1.cpp:18]   --->   Operation 82 'add' 'add_ln18' <Predicate = true> <Delay = 0.79> <CoreInst = "Adder">   --->   Core 1 'Adder' <Latency = 0> <II = 1> <Delay = 0.79> <FuncUnit> <Opcode : 'add' 'sub'> <InPorts = 2> <OutPorts = 1>
ST_6 : Operation 83 [1/1] (0.00ns)   --->   "%br_ln18 = br i1 %icmp_ln18, void %for.body16.split, void %for.inc63" [src/conv1.cpp:18]   --->   Operation 83 'br' 'br_ln18' <Predicate = true> <Delay = 0.00>
ST_6 : Operation 84 [1/1] (0.00ns)   --->   "%speclooptripcount_ln15 = speclooptripcount void @_ssdm_op_SpecLoopTripCount, i64 9, i64 9, i64 9" [src/conv1.cpp:15]   --->   Operation 84 'speclooptripcount' 'speclooptripcount_ln15' <Predicate = (!icmp_ln18)> <Delay = 0.00>
ST_6 : Operation 85 [1/1] (0.00ns)   --->   "%specloopname_ln18 = specloopname void @_ssdm_op_SpecLoopName, void @empty_10" [src/conv1.cpp:18]   --->   Operation 85 'specloopname' 'specloopname_ln18' <Predicate = (!icmp_ln18)> <Delay = 0.00>
ST_6 : Operation 86 [1/1] (0.79ns)   --->   "%add_ln19 = add i4 %ky, i4 12" [src/conv1.cpp:19]   --->   Operation 86 'add' 'add_ln19' <Predicate = (!icmp_ln18)> <Delay = 0.79> <CoreInst = "Adder">   --->   Core 1 'Adder' <Latency = 0> <II = 1> <Delay = 0.79> <FuncUnit> <Opcode : 'add' 'sub'> <InPorts = 2> <OutPorts = 1>
ST_6 : Operation 87 [1/1] (0.00ns)   --->   "%sext_ln19 = sext i4 %add_ln19" [src/conv1.cpp:19]   --->   Operation 87 'sext' 'sext_ln19' <Predicate = (!icmp_ln18)> <Delay = 0.00>
ST_6 : Operation 88 [1/1] (0.76ns)   --->   "%add_ln19_1 = add i10 %sext_ln19, i10 %zext_ln12" [src/conv1.cpp:19]   --->   Operation 88 'add' 'add_ln19_1' <Predicate = (!icmp_ln18)> <Delay = 0.76> <CoreInst = "Adder">   --->   Core 1 'Adder' <Latency = 0> <II = 1> <Delay = 0.76> <FuncUnit> <Opcode : 'add' 'sub'> <InPorts = 2> <OutPorts = 1>
ST_6 : Operation 89 [1/1] (0.00ns)   --->   "%tmp_5 = bitselect i1 @_ssdm_op_BitSelect.i1.i10.i32, i10 %add_ln19_1, i32 9" [src/conv1.cpp:21]   --->   Operation 89 'bitselect' 'tmp_5' <Predicate = (!icmp_ln18)> <Delay = 0.00>
ST_6 : Operation 90 [1/1] (0.78ns)   --->   "%icmp_ln23 = icmp_sgt  i10 %add_ln19_1, i10 254" [src/conv1.cpp:23]   --->   Operation 90 'icmp' 'icmp_ln23' <Predicate = (!icmp_ln18)> <Delay = 0.78> <CoreInst = "Cmp">   --->   Core 9 'Cmp' <Latency = 0> <II = 1> <Delay = 0.78> <FuncUnit> <Opcode : 'icmp'> <InPorts = 2> <OutPorts = 1>
ST_6 : Operation 91 [1/1] (0.00ns)   --->   "%sext_ln23 = sext i4 %add_ln19" [src/conv1.cpp:23]   --->   Operation 91 'sext' 'sext_ln23' <Predicate = (!icmp_ln18)> <Delay = 0.00>
ST_6 : Operation 92 [1/1] (0.76ns)   --->   "%add_ln23 = add i8 %sext_ln23, i8 %y" [src/conv1.cpp:23]   --->   Operation 92 'add' 'add_ln23' <Predicate = (!icmp_ln18)> <Delay = 0.76> <CoreInst = "Adder">   --->   Core 1 'Adder' <Latency = 0> <II = 1> <Delay = 0.76> <FuncUnit> <Opcode : 'add' 'sub'> <InPorts = 2> <OutPorts = 1>
ST_6 : Operation 93 [1/1] (0.00ns) (grouped into LUT with out node iy)   --->   "%select_ln21 = select i1 %tmp_5, i8 0, i8 254" [src/conv1.cpp:21]   --->   Operation 93 'select' 'select_ln21' <Predicate = (!icmp_ln18)> <Delay = 0.00> <CoreInst = "Sel">   --->   Core 73 'Sel' <Latency = 0> <II = 1> <Delay = 0.17> <FuncUnit> <Opcode : 'select'> <InPorts = 3> <OutPorts = 1>
ST_6 : Operation 94 [1/1] (0.00ns) (grouped into LUT with out node iy)   --->   "%or_ln21 = or i1 %tmp_5, i1 %icmp_ln23" [src/conv1.cpp:21]   --->   Operation 94 'or' 'or_ln21' <Predicate = (!icmp_ln18)> <Delay = 0.00> <CoreInst = "LogicGate">   --->   Core 74 'LogicGate' <Latency = 0> <II = 1> <Delay = 0.28> <FuncUnit> <Opcode : 'and' 'or' 'xor'> <InPorts = 2> <OutPorts = 1>
ST_6 : Operation 95 [1/1] (0.39ns) (out node of the LUT)   --->   "%iy = select i1 %or_ln21, i8 %select_ln21, i8 %add_ln23" [src/conv1.cpp:21]   --->   Operation 95 'select' 'iy' <Predicate = (!icmp_ln18)> <Delay = 0.39> <CoreInst = "Sel">   --->   Core 73 'Sel' <Latency = 0> <II = 1> <Delay = 0.39> <FuncUnit> <Opcode : 'select'> <InPorts = 3> <OutPorts = 1>
ST_6 : Operation 96 [1/1] (0.00ns)   --->   "%zext_ln40_3 = zext i8 %iy" [src/conv1.cpp:40]   --->   Operation 96 'zext' 'zext_ln40_3' <Predicate = (!icmp_ln18)> <Delay = 0.00>
ST_6 : Operation 97 [1/1] (0.00ns)   --->   "%tmp_2 = bitconcatenate i16 @_ssdm_op_BitConcatenate.i16.i8.i8, i8 %iy, i8 0" [src/conv1.cpp:40]   --->   Operation 97 'bitconcatenate' 'tmp_2' <Predicate = (!icmp_ln18)> <Delay = 0.00>
ST_6 : Operation 98 [1/1] (0.85ns)   --->   "%sub_ln40 = sub i16 %tmp_2, i16 %zext_ln40_3" [src/conv1.cpp:40]   --->   Operation 98 'sub' 'sub_ln40' <Predicate = (!icmp_ln18)> <Delay = 0.85> <CoreInst = "Adder">   --->   Core 1 'Adder' <Latency = 0> <II = 1> <Delay = 0.85> <FuncUnit> <Opcode : 'add' 'sub'> <InPorts = 2> <OutPorts = 1>
ST_6 : Operation 99 [1/1] (0.42ns)   --->   "%br_ln29 = br void %for.body25" [src/conv1.cpp:29]   --->   Operation 99 'br' 'br_ln29' <Predicate = (!icmp_ln18)> <Delay = 0.42>
ST_6 : Operation 100 [1/1] (1.23ns)   --->   "%store_ln46 = store i32 %acc_7, i22 %feat1_addr" [src/conv1.cpp:46]   --->   Operation 100 'store' 'store_ln46' <Predicate = (icmp_ln18)> <Delay = 1.23> <CoreInst = "RAM">   --->   Core 83 'RAM' <Latency = 1> <II = 1> <Delay = 1.23> <Storage> <Opcode : 'load' 'store'> <Ports = 2> <Width = 32> <Depth = 4161600> <RAM>
ST_6 : Operation 101 [1/1] (0.00ns)   --->   "%br_ln13 = br void %VITIS_LOOP_17_4" [src/conv1.cpp:13]   --->   Operation 101 'br' 'br_ln13' <Predicate = (icmp_ln18)> <Delay = 0.00>

State 7 <SV = 6> <Delay = 4.43>
ST_7 : Operation 102 [1/1] (0.00ns)   --->   "%kx = phi i4 0, void %for.body16.split, i4 %add_ln29, void %for.body25.split" [src/conv1.cpp:30]   --->   Operation 102 'phi' 'kx' <Predicate = true> <Delay = 0.00>
ST_7 : Operation 103 [1/1] (0.00ns)   --->   "%acc_8 = phi i32 %acc_7, void %for.body16.split, i32 %acc_6, void %for.body25.split"   --->   Operation 103 'phi' 'acc_8' <Predicate = true> <Delay = 0.00>
ST_7 : Operation 104 [1/1] (0.00ns)   --->   "%zext_ln40_4 = zext i4 %kx" [src/conv1.cpp:40]   --->   Operation 104 'zext' 'zext_ln40_4' <Predicate = true> <Delay = 0.00>
ST_7 : Operation 105 [1/1] (0.82ns)   --->   "%add_ln40_3 = add i13 %add_ln40_2, i13 %zext_ln40_4" [src/conv1.cpp:40]   --->   Operation 105 'add' 'add_ln40_3' <Predicate = true> <Delay = 0.82> <CoreInst = "Adder">   --->   Core 1 'Adder' <Latency = 0> <II = 1> <Delay = 0.82> <FuncUnit> <Opcode : 'add' 'sub'> <InPorts = 2> <OutPorts = 1>
ST_7 : Operation 106 [1/1] (0.00ns)   --->   "%zext_ln40_5 = zext i13 %add_ln40_3" [src/conv1.cpp:40]   --->   Operation 106 'zext' 'zext_ln40_5' <Predicate = true> <Delay = 0.00>
ST_7 : Operation 107 [1/1] (0.00ns)   --->   "%conv1_weights_addr = getelementptr i32 %conv1_weights, i64 0, i64 %zext_ln40_5" [src/conv1.cpp:40]   --->   Operation 107 'getelementptr' 'conv1_weights_addr' <Predicate = true> <Delay = 0.00>
ST_7 : Operation 108 [1/1] (0.79ns)   --->   "%icmp_ln29 = icmp_eq  i4 %kx, i4 9" [src/conv1.cpp:29]   --->   Operation 108 'icmp' 'icmp_ln29' <Predicate = true> <Delay = 0.79> <CoreInst = "Cmp">   --->   Core 9 'Cmp' <Latency = 0> <II = 1> <Delay = 0.79> <FuncUnit> <Opcode : 'icmp'> <InPorts = 2> <OutPorts = 1>
ST_7 : Operation 109 [1/1] (0.79ns)   --->   "%add_ln29 = add i4 %kx, i4 1" [src/conv1.cpp:29]   --->   Operation 109 'add' 'add_ln29' <Predicate = true> <Delay = 0.79> <CoreInst = "Adder">   --->   Core 1 'Adder' <Latency = 0> <II = 1> <Delay = 0.79> <FuncUnit> <Opcode : 'add' 'sub'> <InPorts = 2> <OutPorts = 1>
ST_7 : Operation 110 [1/1] (0.00ns)   --->   "%br_ln29 = br i1 %icmp_ln29, void %for.body25.split, void %for.inc51" [src/conv1.cpp:29]   --->   Operation 110 'br' 'br_ln29' <Predicate = true> <Delay = 0.00>
ST_7 : Operation 111 [1/1] (0.79ns)   --->   "%add_ln30 = add i4 %kx, i4 12" [src/conv1.cpp:30]   --->   Operation 111 'add' 'add_ln30' <Predicate = (!icmp_ln29)> <Delay = 0.79> <CoreInst = "Adder">   --->   Core 1 'Adder' <Latency = 0> <II = 1> <Delay = 0.79> <FuncUnit> <Opcode : 'add' 'sub'> <InPorts = 2> <OutPorts = 1>
ST_7 : Operation 112 [1/1] (0.00ns)   --->   "%sext_ln30 = sext i4 %add_ln30" [src/conv1.cpp:30]   --->   Operation 112 'sext' 'sext_ln30' <Predicate = (!icmp_ln29)> <Delay = 0.00>
ST_7 : Operation 113 [1/1] (0.76ns)   --->   "%add_ln30_1 = add i10 %sext_ln30, i10 %zext_ln13" [src/conv1.cpp:30]   --->   Operation 113 'add' 'add_ln30_1' <Predicate = (!icmp_ln29)> <Delay = 0.76> <CoreInst = "Adder">   --->   Core 1 'Adder' <Latency = 0> <II = 1> <Delay = 0.76> <FuncUnit> <Opcode : 'add' 'sub'> <InPorts = 2> <OutPorts = 1>
ST_7 : Operation 114 [1/1] (0.00ns) (grouped into LUT with out node add_ln40_4)   --->   "%tmp_6 = bitselect i1 @_ssdm_op_BitSelect.i1.i10.i32, i10 %add_ln30_1, i32 9" [src/conv1.cpp:32]   --->   Operation 114 'bitselect' 'tmp_6' <Predicate = (!icmp_ln29)> <Delay = 0.00>
ST_7 : Operation 115 [1/1] (0.78ns)   --->   "%icmp_ln34 = icmp_sgt  i10 %add_ln30_1, i10 254" [src/conv1.cpp:34]   --->   Operation 115 'icmp' 'icmp_ln34' <Predicate = (!icmp_ln29)> <Delay = 0.78> <CoreInst = "Cmp">   --->   Core 9 'Cmp' <Latency = 0> <II = 1> <Delay = 0.78> <FuncUnit> <Opcode : 'icmp'> <InPorts = 2> <OutPorts = 1>
ST_7 : Operation 116 [1/1] (0.00ns) (grouped into LUT with out node add_ln40_4)   --->   "%tmp_7 = bitselect i1 @_ssdm_op_BitSelect.i1.i10.i32, i10 %add_ln30_1, i32 9" [src/conv1.cpp:32]   --->   Operation 116 'bitselect' 'tmp_7' <Predicate = (!icmp_ln29)> <Delay = 0.00>
ST_7 : Operation 117 [1/1] (0.00ns) (grouped into LUT with out node add_ln40_4)   --->   "%select_ln32 = select i1 %tmp_7, i10 0, i10 254" [src/conv1.cpp:32]   --->   Operation 117 'select' 'select_ln32' <Predicate = (!icmp_ln29)> <Delay = 0.00> <CoreInst = "Sel">   --->   Core 73 'Sel' <Latency = 0> <II = 1> <Delay = 0.39> <FuncUnit> <Opcode : 'select'> <InPorts = 3> <OutPorts = 1>
ST_7 : Operation 118 [1/1] (0.00ns) (grouped into LUT with out node add_ln40_4)   --->   "%or_ln32 = or i1 %tmp_6, i1 %icmp_ln34" [src/conv1.cpp:32]   --->   Operation 118 'or' 'or_ln32' <Predicate = (!icmp_ln29)> <Delay = 0.00> <CoreInst = "LogicGate">   --->   Core 74 'LogicGate' <Latency = 0> <II = 1> <Delay = 0.28> <FuncUnit> <Opcode : 'and' 'or' 'xor'> <InPorts = 2> <OutPorts = 1>
ST_7 : Operation 119 [1/1] (0.00ns) (grouped into LUT with out node add_ln40_4)   --->   "%ix = select i1 %or_ln32, i10 %select_ln32, i10 %add_ln30_1" [src/conv1.cpp:32]   --->   Operation 119 'select' 'ix' <Predicate = (!icmp_ln29)> <Delay = 0.00> <CoreInst = "Sel">   --->   Core 73 'Sel' <Latency = 0> <II = 1> <Delay = 0.40> <FuncUnit> <Opcode : 'select'> <InPorts = 3> <OutPorts = 1>
ST_7 : Operation 120 [1/1] (0.00ns) (grouped into LUT with out node add_ln40_4)   --->   "%sext_ln40_1 = sext i10 %ix" [src/conv1.cpp:40]   --->   Operation 120 'sext' 'sext_ln40_1' <Predicate = (!icmp_ln29)> <Delay = 0.00>
ST_7 : Operation 121 [1/1] (0.85ns) (out node of the LUT)   --->   "%add_ln40_4 = add i16 %sub_ln40, i16 %sext_ln40_1" [src/conv1.cpp:40]   --->   Operation 121 'add' 'add_ln40_4' <Predicate = (!icmp_ln29)> <Delay = 0.85> <CoreInst = "Adder">   --->   Core 1 'Adder' <Latency = 0> <II = 1> <Delay = 0.85> <FuncUnit> <Opcode : 'add' 'sub'> <InPorts = 2> <OutPorts = 1>
ST_7 : Operation 122 [1/1] (0.00ns)   --->   "%zext_ln40_6 = zext i16 %add_ln40_4" [src/conv1.cpp:40]   --->   Operation 122 'zext' 'zext_ln40_6' <Predicate = (!icmp_ln29)> <Delay = 0.00>
ST_7 : Operation 123 [1/1] (0.00ns)   --->   "%input_ftmap_addr = getelementptr i32 %input_ftmap, i64 0, i64 %zext_ln40_6" [src/conv1.cpp:40]   --->   Operation 123 'getelementptr' 'input_ftmap_addr' <Predicate = (!icmp_ln29)> <Delay = 0.00>
ST_7 : Operation 124 [2/2] (1.23ns)   --->   "%input_ftmap_load = load i16 %input_ftmap_addr" [src/conv1.cpp:40]   --->   Operation 124 'load' 'input_ftmap_load' <Predicate = (!icmp_ln29)> <Delay = 1.23> <CoreInst = "RAM">   --->   Core 83 'RAM' <Latency = 1> <II = 1> <Delay = 1.23> <Storage> <Opcode : 'load' 'store'> <Ports = 2> <Width = 32> <Depth = 65025> <RAM>
ST_7 : Operation 125 [2/2] (1.23ns)   --->   "%conv1_weights_load = load i13 %conv1_weights_addr" [src/conv1.cpp:40]   --->   Operation 125 'load' 'conv1_weights_load' <Predicate = (!icmp_ln29)> <Delay = 1.23> <CoreInst = "RAM">   --->   Core 83 'RAM' <Latency = 1> <II = 1> <Delay = 1.23> <Storage> <Opcode : 'load' 'store'> <Ports = 2> <Width = 32> <Depth = 5184> <RAM>
ST_7 : Operation 126 [1/1] (0.00ns)   --->   "%br_ln18 = br void %for.body16" [src/conv1.cpp:18]   --->   Operation 126 'br' 'br_ln18' <Predicate = (icmp_ln29)> <Delay = 0.00>

State 8 <SV = 7> <Delay = 1.23>
ST_8 : Operation 127 [1/2] (1.23ns)   --->   "%input_ftmap_load = load i16 %input_ftmap_addr" [src/conv1.cpp:40]   --->   Operation 127 'load' 'input_ftmap_load' <Predicate = true> <Delay = 1.23> <CoreInst = "RAM">   --->   Core 83 'RAM' <Latency = 1> <II = 1> <Delay = 1.23> <Storage> <Opcode : 'load' 'store'> <Ports = 2> <Width = 32> <Depth = 65025> <RAM>
ST_8 : Operation 128 [1/2] (1.23ns)   --->   "%conv1_weights_load = load i13 %conv1_weights_addr" [src/conv1.cpp:40]   --->   Operation 128 'load' 'conv1_weights_load' <Predicate = true> <Delay = 1.23> <CoreInst = "RAM">   --->   Core 83 'RAM' <Latency = 1> <II = 1> <Delay = 1.23> <Storage> <Opcode : 'load' 'store'> <Ports = 2> <Width = 32> <Depth = 5184> <RAM>

State 9 <SV = 8> <Delay = 7.01>
ST_9 : Operation 129 [1/1] (0.00ns)   --->   "%bitcast_ln40 = bitcast i32 %input_ftmap_load" [src/conv1.cpp:40]   --->   Operation 129 'bitcast' 'bitcast_ln40' <Predicate = true> <Delay = 0.00>
ST_9 : Operation 130 [1/1] (0.00ns)   --->   "%bitcast_ln40_1 = bitcast i32 %conv1_weights_load" [src/conv1.cpp:40]   --->   Operation 130 'bitcast' 'bitcast_ln40_1' <Predicate = true> <Delay = 0.00>
ST_9 : [1/1] (0.47ns)   --->   Input mux for Operation 131 '%mul = fmul i32 %bitcast_ln40, i32 %bitcast_ln40_1'
ST_9 : Operation 131 [3/3] (6.54ns)   --->   "%mul = fmul i32 %bitcast_ln40, i32 %bitcast_ln40_1" [src/conv1.cpp:40]   --->   Operation 131 'fmul' 'mul' <Predicate = true> <Delay = 6.54> <CoreInst = "FMul_maxdsp">   --->   Core 30 'FMul_maxdsp' <Latency = 2> <II = 1> <Delay = 7.01> <FuncUnit> <Opcode : 'fmul'> <InPorts = 2> <OutPorts = 1>

State 10 <SV = 9> <Delay = 7.01>
ST_10 : Operation 132 [2/3] (7.01ns)   --->   "%mul = fmul i32 %bitcast_ln40, i32 %bitcast_ln40_1" [src/conv1.cpp:40]   --->   Operation 132 'fmul' 'mul' <Predicate = true> <Delay = 7.01> <CoreInst = "FMul_maxdsp">   --->   Core 30 'FMul_maxdsp' <Latency = 2> <II = 1> <Delay = 7.01> <FuncUnit> <Opcode : 'fmul'> <InPorts = 2> <OutPorts = 1>

State 11 <SV = 10> <Delay = 7.01>
ST_11 : Operation 133 [1/3] (7.01ns)   --->   "%mul = fmul i32 %bitcast_ln40, i32 %bitcast_ln40_1" [src/conv1.cpp:40]   --->   Operation 133 'fmul' 'mul' <Predicate = true> <Delay = 7.01> <CoreInst = "FMul_maxdsp">   --->   Core 30 'FMul_maxdsp' <Latency = 2> <II = 1> <Delay = 7.01> <FuncUnit> <Opcode : 'fmul'> <InPorts = 2> <OutPorts = 1>

State 12 <SV = 11> <Delay = 6.43>
ST_12 : [1/1] (0.47ns)   --->   Input mux for Operation 134 '%acc_6 = fadd i32 %acc_8, i32 %mul'
ST_12 : Operation 134 [4/4] (5.96ns)   --->   "%acc_6 = fadd i32 %acc_8, i32 %mul" [src/conv1.cpp:40]   --->   Operation 134 'fadd' 'acc_6' <Predicate = true> <Delay = 5.96> <CoreInst = "FAddSub_fulldsp">   --->   Core 18 'FAddSub_fulldsp' <Latency = 3> <II = 1> <Delay = 6.43> <FuncUnit> <Opcode : 'fadd' 'fsub'> <InPorts = 2> <OutPorts = 1>

State 13 <SV = 12> <Delay = 6.43>
ST_13 : Operation 135 [3/4] (6.43ns)   --->   "%acc_6 = fadd i32 %acc_8, i32 %mul" [src/conv1.cpp:40]   --->   Operation 135 'fadd' 'acc_6' <Predicate = true> <Delay = 6.43> <CoreInst = "FAddSub_fulldsp">   --->   Core 18 'FAddSub_fulldsp' <Latency = 3> <II = 1> <Delay = 6.43> <FuncUnit> <Opcode : 'fadd' 'fsub'> <InPorts = 2> <OutPorts = 1>

State 14 <SV = 13> <Delay = 6.43>
ST_14 : Operation 136 [2/4] (6.43ns)   --->   "%acc_6 = fadd i32 %acc_8, i32 %mul" [src/conv1.cpp:40]   --->   Operation 136 'fadd' 'acc_6' <Predicate = true> <Delay = 6.43> <CoreInst = "FAddSub_fulldsp">   --->   Core 18 'FAddSub_fulldsp' <Latency = 3> <II = 1> <Delay = 6.43> <FuncUnit> <Opcode : 'fadd' 'fsub'> <InPorts = 2> <OutPorts = 1>

State 15 <SV = 14> <Delay = 6.43>
ST_15 : Operation 137 [1/1] (0.00ns)   --->   "%speclooptripcount_ln15 = speclooptripcount void @_ssdm_op_SpecLoopTripCount, i64 9, i64 9, i64 9" [src/conv1.cpp:15]   --->   Operation 137 'speclooptripcount' 'speclooptripcount_ln15' <Predicate = true> <Delay = 0.00>
ST_15 : Operation 138 [1/1] (0.00ns)   --->   "%specloopname_ln29 = specloopname void @_ssdm_op_SpecLoopName, void @empty_9" [src/conv1.cpp:29]   --->   Operation 138 'specloopname' 'specloopname_ln29' <Predicate = true> <Delay = 0.00>
ST_15 : Operation 139 [1/4] (6.43ns)   --->   "%acc_6 = fadd i32 %acc_8, i32 %mul" [src/conv1.cpp:40]   --->   Operation 139 'fadd' 'acc_6' <Predicate = true> <Delay = 6.43> <CoreInst = "FAddSub_fulldsp">   --->   Core 18 'FAddSub_fulldsp' <Latency = 3> <II = 1> <Delay = 6.43> <FuncUnit> <Opcode : 'fadd' 'fsub'> <InPorts = 2> <OutPorts = 1>
ST_15 : Operation 140 [1/1] (0.00ns)   --->   "%br_ln29 = br void %for.body25" [src/conv1.cpp:29]   --->   Operation 140 'br' 'br_ln29' <Predicate = true> <Delay = 0.00>


============================================================
+ Verbose Summary: Timing violations
============================================================
Target clock period: 10.000ns, clock uncertainty: 2.700ns.

 <State 1>: 0.427ns
The critical path consists of the following:
	'alloca' operation ('oc') [5]  (0.000 ns)
	'store' operation ('store_ln11', src/conv1.cpp:11) of constant 0 on local variable 'oc' [9]  (0.427 ns)

 <State 2>: 1.237ns
The critical path consists of the following:
	'load' operation ('oc', src/conv1.cpp:11) on local variable 'oc' [12]  (0.000 ns)
	'getelementptr' operation ('conv1_biases_addr', src/conv1.cpp:11) [29]  (0.000 ns)
	'load' operation ('conv1_biases_load', src/conv1.cpp:11) on array 'conv1_biases' [30]  (1.237 ns)

 <State 3>: 1.237ns
The critical path consists of the following:
	'load' operation ('conv1_biases_load', src/conv1.cpp:11) on array 'conv1_biases' [30]  (1.237 ns)

 <State 4>: 1.767ns
The critical path consists of the following:
	'phi' operation ('y', src/conv1.cpp:19) with incoming values : ('add_ln12', src/conv1.cpp:12) [34]  (0.000 ns)
	'add' operation ('add_ln46', src/conv1.cpp:46) [36]  (0.853 ns)
	'sub' operation ('sub_ln46_1', src/conv1.cpp:46) [40]  (0.914 ns)

 <State 5>: 0.914ns
The critical path consists of the following:
	'phi' operation ('x', src/conv1.cpp:30) with incoming values : ('add_ln13', src/conv1.cpp:13) [50]  (0.000 ns)
	'add' operation ('add_ln46_1', src/conv1.cpp:46) [52]  (0.914 ns)

 <State 6>: 3.595ns
The critical path consists of the following:
	'phi' operation ('ky', src/conv1.cpp:19) with incoming values : ('add_ln18', src/conv1.cpp:18) [64]  (0.000 ns)
	'add' operation ('add_ln19', src/conv1.cpp:19) [78]  (0.797 ns)
	'add' operation ('add_ln19_1', src/conv1.cpp:19) [80]  (0.765 ns)
	'icmp' operation ('icmp_ln23', src/conv1.cpp:23) [82]  (0.787 ns)
	'or' operation ('or_ln21', src/conv1.cpp:21) [86]  (0.000 ns)
	'select' operation ('iy', src/conv1.cpp:21) [87]  (0.393 ns)
	'sub' operation ('sub_ln40', src/conv1.cpp:40) [90]  (0.853 ns)

 <State 7>: 4.439ns
The critical path consists of the following:
	'phi' operation ('kx', src/conv1.cpp:30) with incoming values : ('add_ln29', src/conv1.cpp:29) [93]  (0.000 ns)
	'add' operation ('add_ln30', src/conv1.cpp:30) [105]  (0.797 ns)
	'add' operation ('add_ln30_1', src/conv1.cpp:30) [107]  (0.765 ns)
	'icmp' operation ('icmp_ln34', src/conv1.cpp:34) [109]  (0.787 ns)
	'or' operation ('or_ln32', src/conv1.cpp:32) [112]  (0.000 ns)
	'select' operation ('ix', src/conv1.cpp:32) [113]  (0.000 ns)
	'add' operation ('add_ln40_4', src/conv1.cpp:40) [115]  (0.853 ns)
	'getelementptr' operation ('input_ftmap_addr', src/conv1.cpp:40) [117]  (0.000 ns)
	'load' operation ('input_ftmap_load', src/conv1.cpp:40) on array 'input_ftmap' [118]  (1.237 ns)

 <State 8>: 1.237ns
The critical path consists of the following:
	'load' operation ('input_ftmap_load', src/conv1.cpp:40) on array 'input_ftmap' [118]  (1.237 ns)

 <State 9>: 7.016ns
The critical path consists of the following:
	multiplexor before operation 'fmul' with delay (0.476 ns)
'fmul' operation ('mul', src/conv1.cpp:40) [122]  (6.540 ns)

 <State 10>: 7.016ns
The critical path consists of the following:
	'fmul' operation ('mul', src/conv1.cpp:40) [122]  (7.016 ns)

 <State 11>: 7.016ns
The critical path consists of the following:
	'fmul' operation ('mul', src/conv1.cpp:40) [122]  (7.016 ns)

 <State 12>: 6.437ns
The critical path consists of the following:
	multiplexor before operation 'fadd' with delay (0.476 ns)
'fadd' operation ('acc', src/conv1.cpp:40) [123]  (5.961 ns)

 <State 13>: 6.437ns
The critical path consists of the following:
	'fadd' operation ('acc', src/conv1.cpp:40) [123]  (6.437 ns)

 <State 14>: 6.437ns
The critical path consists of the following:
	'fadd' operation ('acc', src/conv1.cpp:40) [123]  (6.437 ns)

 <State 15>: 6.437ns
The critical path consists of the following:
	'fadd' operation ('acc', src/conv1.cpp:40) [123]  (6.437 ns)


============================================================
+ Verbose Summary: Binding
============================================================
N/A
* FSMD analyzer results:
  - Output states:
 - Input state : 
  - Chain level:
	State 1
	State 2
	State 3
	State 4
	State 5
	State 6
	State 7
	State 8
	State 9
	State 10
	State 11
	State 12
	State 13
	State 14
	State 15


============================================================
+ Verbose Summary: Datapath Resource usage 
============================================================
N/A
