<<<<<<< HEAD
C:\Xilinx\golden\srcnn_hls\solution1\.autopilot\db\conv1.pp.0.cpp:199:5: warning: Added loop label VITIS_LOOP_11_1:   [xilinx-label-all-loops]
    for (int oc = 0; oc < 64; oc++) {
    ^~~
    VITIS_LOOP_11_1: 
C:\Xilinx\golden\srcnn_hls\solution1\.autopilot\db\conv1.pp.0.cpp:199:5: note: FIX-IT applied suggested code changes
C:\Xilinx\golden\srcnn_hls\solution1\.autopilot\db\conv1.pp.0.cpp:200:8: warning: Added loop label VITIS_LOOP_12_2:   [xilinx-label-all-loops]
       for (int y = 0; y < 255; y++) {
       ^~~
       VITIS_LOOP_12_2: 
C:\Xilinx\golden\srcnn_hls\solution1\.autopilot\db\conv1.pp.0.cpp:200:8: note: FIX-IT applied suggested code changes
C:\Xilinx\golden\srcnn_hls\solution1\.autopilot\db\conv1.pp.0.cpp:201:14: warning: Added loop label VITIS_LOOP_13_3:   [xilinx-label-all-loops]
             for (int x = 0; x < 255; x++) {
             ^~~
             VITIS_LOOP_13_3: 
C:\Xilinx\golden\srcnn_hls\solution1\.autopilot\db\conv1.pp.0.cpp:201:14: note: FIX-IT applied suggested code changes
C:\Xilinx\golden\srcnn_hls\solution1\.autopilot\db\conv1.pp.0.cpp:205:18: warning: Added loop label VITIS_LOOP_17_4:   [xilinx-label-all-loops]
                 for (int ic = 0; ic < 1; ic++) {
                 ^~~
                 VITIS_LOOP_17_4: 
C:\Xilinx\golden\srcnn_hls\solution1\.autopilot\db\conv1.pp.0.cpp:205:18: note: FIX-IT applied suggested code changes
C:\Xilinx\golden\srcnn_hls\solution1\.autopilot\db\conv1.pp.0.cpp:206:22: warning: Added loop label VITIS_LOOP_18_5:   [xilinx-label-all-loops]
                     for (int ky = 0; ky < 9; ky++) {
                     ^~~
                     VITIS_LOOP_18_5: 
C:\Xilinx\golden\srcnn_hls\solution1\.autopilot\db\conv1.pp.0.cpp:206:22: note: FIX-IT applied suggested code changes
C:\Xilinx\golden\srcnn_hls\solution1\.autopilot\db\conv1.pp.0.cpp:217:26: warning: Added loop label VITIS_LOOP_29_6:   [xilinx-label-all-loops]
                         for (int kx = 0; kx < 9; kx++) {
                         ^~~
                         VITIS_LOOP_29_6: 
C:\Xilinx\golden\srcnn_hls\solution1\.autopilot\db\conv1.pp.0.cpp:217:26: note: FIX-IT applied suggested code changes
=======
D:\unimelb_files\96\SRCNN_2\srcnn_hls\solution1\.autopilot\db\conv1.pp.0.cpp:1334:7: warning: Added loop label VITIS_LOOP_1213_1:   [xilinx-label-all-loops]
      for (i = 0; i < __N - 1; ++i) {
      ^~~
      VITIS_LOOP_1213_1: 
D:\unimelb_files\96\SRCNN_2\srcnn_hls\solution1\.autopilot\db\conv1.pp.0.cpp:1334:7: note: FIX-IT applied suggested code changes
D:\unimelb_files\96\SRCNN_2\srcnn_hls\solution1\.autopilot\db\conv1.pp.0.cpp:2308:5: warning: Added loop label VITIS_LOOP_676_1:   [xilinx-label-all-loops]
    for (unsigned i = low; i != high; ++i) {
    ^~~
    VITIS_LOOP_676_1: 
D:\unimelb_files\96\SRCNN_2\srcnn_hls\solution1\.autopilot\db\conv1.pp.0.cpp:2308:5: note: FIX-IT applied suggested code changes
D:\unimelb_files\96\SRCNN_2\srcnn_hls\solution1\.autopilot\db\conv1.pp.0.cpp:2322:5: warning: Added loop label VITIS_LOOP_690_1:   [xilinx-label-all-loops]
    for (unsigned i = low; i != high; ++i) {
    ^~~
    VITIS_LOOP_690_1: 
D:\unimelb_files\96\SRCNN_2\srcnn_hls\solution1\.autopilot\db\conv1.pp.0.cpp:2322:5: note: FIX-IT applied suggested code changes
D:\unimelb_files\96\SRCNN_2\srcnn_hls\solution1\.autopilot\db\conv1.pp.0.cpp:2336:5: warning: Added loop label VITIS_LOOP_704_1:   [xilinx-label-all-loops]
    for (unsigned i = low; i != high; ++i) {
    ^~~
    VITIS_LOOP_704_1: 
D:\unimelb_files\96\SRCNN_2\srcnn_hls\solution1\.autopilot\db\conv1.pp.0.cpp:2336:5: note: FIX-IT applied suggested code changes
D:\unimelb_files\96\SRCNN_2\srcnn_hls\solution1\.autopilot\db\conv1.pp.0.cpp:3935:7: warning: Added loop label VITIS_LOOP_1247_1:   [xilinx-label-all-loops]
      for (i = 0; i < __N - 1; ++i) {
      ^~~
      VITIS_LOOP_1247_1: 
D:\unimelb_files\96\SRCNN_2\srcnn_hls\solution1\.autopilot\db\conv1.pp.0.cpp:3935:7: note: FIX-IT applied suggested code changes
D:\unimelb_files\96\SRCNN_2\srcnn_hls\solution1\.autopilot\db\conv1.pp.0.cpp:21818:2: warning: Added loop label VITIS_LOOP_13_1:   [xilinx-label-all-loops]
 for (int n = 0; n < 64; n += 64/8) {
 ^~~
 VITIS_LOOP_13_1: 
D:\unimelb_files\96\SRCNN_2\srcnn_hls\solution1\.autopilot\db\conv1.pp.0.cpp:21818:2: note: FIX-IT applied suggested code changes
D:\unimelb_files\96\SRCNN_2\srcnn_hls\solution1\.autopilot\db\conv1.pp.0.cpp:21819:3: warning: Added loop label VITIS_LOOP_14_2:   [xilinx-label-all-loops]
  for (int h = 0; h < 255; h += 255/15) {
  ^~~
  VITIS_LOOP_14_2: 
D:\unimelb_files\96\SRCNN_2\srcnn_hls\solution1\.autopilot\db\conv1.pp.0.cpp:21819:3: note: FIX-IT applied suggested code changes
D:\unimelb_files\96\SRCNN_2\srcnn_hls\solution1\.autopilot\db\conv1.pp.0.cpp:21820:4: warning: Added loop label VITIS_LOOP_15_3:   [xilinx-label-all-loops]
   for (int w = 0; w < 255; w += 255/15) {
   ^~~
   VITIS_LOOP_15_3: 
D:\unimelb_files\96\SRCNN_2\srcnn_hls\solution1\.autopilot\db\conv1.pp.0.cpp:21820:4: note: FIX-IT applied suggested code changes
D:\unimelb_files\96\SRCNN_2\srcnn_hls\solution1\.autopilot\db\conv1.pp.0.cpp:21823:5: warning: Added loop label VITIS_LOOP_18_4:   [xilinx-label-all-loops]
    for (int oc = 0; oc < 64/8; oc++) {
    ^~~
    VITIS_LOOP_18_4: 
D:\unimelb_files\96\SRCNN_2\srcnn_hls\solution1\.autopilot\db\conv1.pp.0.cpp:21823:5: note: FIX-IT applied suggested code changes
D:\unimelb_files\96\SRCNN_2\srcnn_hls\solution1\.autopilot\db\conv1.pp.0.cpp:21824:6: warning: Added loop label VITIS_LOOP_19_5:   [xilinx-label-all-loops]
     for (int y = 0; y < 255/15; y++) {
     ^~~
     VITIS_LOOP_19_5: 
D:\unimelb_files\96\SRCNN_2\srcnn_hls\solution1\.autopilot\db\conv1.pp.0.cpp:21824:6: note: FIX-IT applied suggested code changes
D:\unimelb_files\96\SRCNN_2\srcnn_hls\solution1\.autopilot\db\conv1.pp.0.cpp:21825:7: warning: Added loop label VITIS_LOOP_20_6:   [xilinx-label-all-loops]
      for (int x = 0; x < 255/15; x++) {
      ^~~
      VITIS_LOOP_20_6: 
D:\unimelb_files\96\SRCNN_2\srcnn_hls\solution1\.autopilot\db\conv1.pp.0.cpp:21825:7: note: FIX-IT applied suggested code changes
D:\unimelb_files\96\SRCNN_2\srcnn_hls\solution1\.autopilot\db\conv1.pp.0.cpp:21827:8: warning: Added loop label VITIS_LOOP_22_7:   [xilinx-label-all-loops]
       for (int ic = 0; ic < 1; ic++) {
       ^~~
       VITIS_LOOP_22_7: 
D:\unimelb_files\96\SRCNN_2\srcnn_hls\solution1\.autopilot\db\conv1.pp.0.cpp:21827:8: note: FIX-IT applied suggested code changes
D:\unimelb_files\96\SRCNN_2\srcnn_hls\solution1\.autopilot\db\conv1.pp.0.cpp:21829:9: warning: Added loop label VITIS_LOOP_24_8:   [xilinx-label-all-loops]
        for (int ky = 0; ky < 9; ky++) {
        ^~~
        VITIS_LOOP_24_8: 
D:\unimelb_files\96\SRCNN_2\srcnn_hls\solution1\.autopilot\db\conv1.pp.0.cpp:21829:9: note: FIX-IT applied suggested code changes
D:\unimelb_files\96\SRCNN_2\srcnn_hls\solution1\.autopilot\db\conv1.pp.0.cpp:21832:10: warning: Added loop label VITIS_LOOP_27_9:   [xilinx-label-all-loops]
         for (int kx = 0; kx < 9; kx++) {
         ^~~
         VITIS_LOOP_27_9: 
D:\unimelb_files\96\SRCNN_2\srcnn_hls\solution1\.autopilot\db\conv1.pp.0.cpp:21832:10: note: FIX-IT applied suggested code changes
>>>>>>> b41ed44 (Initial commit)
