D:\unimelb_files\96\SRCNN-main\srcnn_hls\solution1\.autopilot\db\conv3.pp.0.cpp:200:5: warning: Added loop label VITIS_LOOP_12_1:   [xilinx-label-all-loops]
    for (int oc = 0; oc < 1; oc++) {
    ^~~
    VITIS_LOOP_12_1: 
D:\unimelb_files\96\SRCNN-main\srcnn_hls\solution1\.autopilot\db\conv3.pp.0.cpp:200:5: note: FIX-IT applied suggested code changes
D:\unimelb_files\96\SRCNN-main\srcnn_hls\solution1\.autopilot\db\conv3.pp.0.cpp:201:9: warning: Added loop label VITIS_LOOP_13_2:   [xilinx-label-all-loops]
        for (int y = 0; y < 255; y++) {
        ^~~
        VITIS_LOOP_13_2: 
D:\unimelb_files\96\SRCNN-main\srcnn_hls\solution1\.autopilot\db\conv3.pp.0.cpp:201:9: note: FIX-IT applied suggested code changes
D:\unimelb_files\96\SRCNN-main\srcnn_hls\solution1\.autopilot\db\conv3.pp.0.cpp:202:13: warning: Added loop label VITIS_LOOP_14_3:   [xilinx-label-all-loops]
            for (int x = 0; x < 255; x++) {
            ^~~
            VITIS_LOOP_14_3: 
D:\unimelb_files\96\SRCNN-main\srcnn_hls\solution1\.autopilot\db\conv3.pp.0.cpp:202:13: note: FIX-IT applied suggested code changes
D:\unimelb_files\96\SRCNN-main\srcnn_hls\solution1\.autopilot\db\conv3.pp.0.cpp:206:17: warning: Added loop label VITIS_LOOP_18_4:   [xilinx-label-all-loops]
                for (int ic = 0; ic < 32; ic++) {
                ^~~
                VITIS_LOOP_18_4: 
D:\unimelb_files\96\SRCNN-main\srcnn_hls\solution1\.autopilot\db\conv3.pp.0.cpp:206:17: note: FIX-IT applied suggested code changes
D:\unimelb_files\96\SRCNN-main\srcnn_hls\solution1\.autopilot\db\conv3.pp.0.cpp:207:21: warning: Added loop label VITIS_LOOP_19_5:   [xilinx-label-all-loops]
                    for (int ky = 0; ky < 5; ky++) {
                    ^~~
                    VITIS_LOOP_19_5: 
D:\unimelb_files\96\SRCNN-main\srcnn_hls\solution1\.autopilot\db\conv3.pp.0.cpp:207:21: note: FIX-IT applied suggested code changes
D:\unimelb_files\96\SRCNN-main\srcnn_hls\solution1\.autopilot\db\conv3.pp.0.cpp:218:25: warning: Added loop label VITIS_LOOP_30_6:   [xilinx-label-all-loops]
                        for (int kx = 0; kx < 5; kx++) {
                        ^~~
                        VITIS_LOOP_30_6: 
D:\unimelb_files\96\SRCNN-main\srcnn_hls\solution1\.autopilot\db\conv3.pp.0.cpp:218:25: note: FIX-IT applied suggested code changes
