

================================================================
== Vitis HLS Report for 'conv1'
================================================================
* Date:           Wed Oct  8 01:11:08 2025

* Version:        2023.1 (Build 3854077 on May  4 2023)
* Project:        srcnn_hls
* Solution:       solution1 (Vivado IP Flow Target)
* Product family: zynquplus
* Target device:  xck26-sfvc784-2LV-c


================================================================
== Performance Estimates
================================================================
+ Timing: 
    * Summary: 
    +--------+----------+----------+------------+
    |  Clock |  Target  | Estimated| Uncertainty|
    +--------+----------+----------+------------+
    |ap_clk  |  10.00 ns|  6.697 ns|     2.70 ns|
    +--------+----------+----------+------------+

+ Latency: 
    * Summary: 
    +------------+------------+------------+------------+------------+------------+---------+
    |     Latency (cycles)    |    Latency (absolute)   |         Interval        | Pipeline|
    |     min    |     max    |     min    |     max    |     min    |     max    |   Type  |
    +------------+------------+------------+------------+------------+------------+---------+
    |  1772874561|  1772874561|  17.729 sec|  17.729 sec|  1772874561|  1772874561|       no|
    +------------+------------+------------+------------+------------+------------+---------+

    + Detail: 
        * Instance: 
        N/A

        * Loop: 
        +--------------------------+------------+------------+----------+-----------+-----------+------+----------+
        |                          |     Latency (cycles)    | Iteration|  Initiation Interval  | Trip |          |
        |         Loop Name        |     min    |     max    |  Latency |  achieved |   target  | Count| Pipelined|
        +--------------------------+------------+------------+----------+-----------+-----------+------+----------+
        |- VITIS_LOOP_17_1         |  1772874560|  1772874560|  27701165|          -|          -|    64|        no|
        | + VITIS_LOOP_18_2        |    27701160|    27701160|    108632|          -|          -|   255|        no|
        |  ++ VITIS_LOOP_19_3      |      108630|      108630|       426|          -|          -|   255|        no|
        |   +++ VITIS_LOOP_24_5    |         423|         423|        47|          -|          -|     9|        no|
        |    ++++ VITIS_LOOP_35_6  |          45|          45|         5|          -|          -|     9|        no|
        +--------------------------+------------+------------+----------+-----------+-----------+------+----------+



================================================================
== Utilization Estimates
================================================================
* Summary: 
+-----------------+---------+------+--------+--------+-----+
|       Name      | BRAM_18K|  DSP |   FF   |   LUT  | URAM|
+-----------------+---------+------+--------+--------+-----+
|DSP              |        -|     -|       -|       -|    -|
|Expression       |        -|     -|       0|    5954|    -|
|FIFO             |        -|     -|       -|       -|    -|
|Instance         |        -|     1|       0|       5|    -|
|Memory           |        -|     -|       -|       -|    -|
|Multiplexer      |        -|     -|       -|     142|    -|
|Register         |        -|     -|     638|       -|    -|
+-----------------+---------+------+--------+--------+-----+
|Total            |        0|     1|     638|    6101|    0|
+-----------------+---------+------+--------+--------+-----+
|Available        |      288|  1248|  234240|  117120|   64|
+-----------------+---------+------+--------+--------+-----+
|Utilization (%)  |        0|    ~0|      ~0|       5|    0|
+-----------------+---------+------+--------+--------+-----+

+ Detail: 
    * Instance: 
    +-----------------------------+--------------------------+---------+----+---+----+-----+
    |           Instance          |          Module          | BRAM_18K| DSP| FF| LUT| URAM|
    +-----------------------------+--------------------------+---------+----+---+----+-----+
    |fpext_32ns_64_2_no_dsp_1_U1  |fpext_32ns_64_2_no_dsp_1  |        0|   0|  0|   0|    0|
    |fpext_32ns_64_2_no_dsp_1_U2  |fpext_32ns_64_2_no_dsp_1  |        0|   0|  0|   0|    0|
    |mul_12s_8s_20_1_1_U3         |mul_12s_8s_20_1_1         |        0|   1|  0|   5|    0|
    +-----------------------------+--------------------------+---------+----+---+----+-----+
    |Total                        |                          |        0|   1|  0|   5|    0|
    +-----------------------------+--------------------------+---------+----+---+----+-----+

    * DSP: 
    N/A

    * Memory: 
    N/A

    * FIFO: 
    N/A

    * Expression: 
    +----------------------------------+----------+----+---+-----+------------+------------+
    |           Variable Name          | Operation| DSP| FF| LUT | Bitwidth P0| Bitwidth P1|
    +----------------------------------+----------+----+---+-----+------------+------------+
    |acc_9_fu_3217_p2                  |         +|   0|  0|   33|          26|          26|
    |add106_i_fu_579_p2                |         +|   0|  0|   17|          12|          12|
    |add114_i_fu_585_p2                |         +|   0|  0|   19|          12|           4|
    |add117_i_fu_595_p2                |         +|   0|  0|   19|          12|           4|
    |add_i_i177_fu_826_p2              |         +|   0|  0|   33|          26|          26|
    |add_ln17_fu_445_p2                |         +|   0|  0|   14|           7|           1|
    |add_ln18_fu_1184_p2               |         +|   0|  0|   15|           8|           1|
    |add_ln19_fu_1218_p2               |         +|   0|  0|   15|           8|           1|
    |add_ln24_fu_1261_p2               |         +|   0|  0|   12|           4|           1|
    |add_ln25_1_fu_1277_p2             |         +|   0|  0|   17|          10|          10|
    |add_ln25_fu_1267_p2               |         +|   0|  0|   12|           4|           4|
    |add_ln29_fu_1300_p2               |         +|   0|  0|   15|           8|           8|
    |add_ln35_fu_1698_p2               |         +|   0|  0|   12|           4|           1|
    |add_ln36_1_fu_1714_p2             |         +|   0|  0|   17|          10|          10|
    |add_ln36_fu_1704_p2               |         +|   0|  0|   12|           4|           4|
    |add_ln46_1_fu_1904_p2             |         +|   0|  0|   19|          12|           5|
    |add_ln46_2_fu_1993_p2             |         +|   0|  0|   19|          12|           5|
    |add_ln46_3_fu_2040_p2             |         +|   0|  0|   19|          12|          12|
    |add_ln46_4_fu_2128_p2             |         +|   0|  0|   17|          12|          12|
    |add_ln46_5_fu_2140_p2             |         +|   0|  0|   19|          12|           1|
    |add_ln46_6_fu_2150_p2             |         +|   0|  0|   19|          12|           2|
    |add_ln46_7_fu_1767_p2             |         +|   0|  0|   23|          16|          16|
    |add_ln46_fu_1862_p2               |         +|   0|  0|   17|          12|          11|
    |add_ln47_10_fu_1682_p2            |         +|   0|  0|   20|          13|          13|
    |add_ln47_1_fu_2564_p2             |         +|   0|  0|   19|          12|           4|
    |add_ln47_2_fu_2663_p2             |         +|   0|  0|   19|          12|           5|
    |add_ln47_3_fu_2710_p2             |         +|   0|  0|   15|           8|           8|
    |add_ln47_4_fu_2798_p2             |         +|   0|  0|   17|          12|          12|
    |add_ln47_5_fu_2810_p2             |         +|   0|  0|   19|          12|           1|
    |add_ln47_6_fu_2820_p2             |         +|   0|  0|   19|          12|           2|
    |add_ln47_7_fu_433_p2              |         +|   0|  0|   18|          11|          11|
    |add_ln47_8_fu_1228_p2             |         +|   0|  0|   18|          11|          11|
    |add_ln47_9_fu_1249_p2             |         +|   0|  0|   20|          13|          13|
    |add_ln47_fu_2512_p2               |         +|   0|  0|   17|          12|          11|
    |add_ln48_fu_3203_p2               |         +|   0|  0|   34|          27|          27|
    |add_ln53_fu_1384_p2               |         +|   0|  0|   19|          12|          12|
    |add_ln54_1_fu_1147_p2             |         +|   0|  0|   24|          17|          17|
    |add_ln54_2_fu_3333_p2             |         +|   0|  0|   39|          32|           6|
    |add_ln54_3_fu_3375_p2             |         +|   0|  0|   71|          64|          64|
    |add_ln54_4_fu_1660_p2             |         +|   0|  0|   19|          12|           6|
    |add_ln54_5_fu_3416_p2             |         +|   0|  0|   19|           8|           8|
    |add_ln54_6_fu_1198_p2             |         +|   0|  0|   29|          22|          22|
    |add_ln54_fu_3265_p2               |         +|   0|  0|   39|          32|           6|
    |sub30_i_fu_537_p2                 |         +|   0|  0|   19|          12|           6|
    |sub58_i_fu_698_p2                 |         +|   0|  0|   19|          12|           6|
    |sub_i50_i_fu_495_p2               |         +|   0|  0|   17|          12|          11|
    |sub31_i_fu_543_p2                 |         -|   0|  0|   19|           5|          12|
    |sub_i_fu_525_p2                   |         -|   0|  0|   19|          11|          12|
    |sub_i_i_i_fu_512_p2               |         -|   0|  0|   61|           1|          54|
    |sub_ln46_1_fu_1892_p2             |         -|   0|  0|   19|          11|          12|
    |sub_ln46_2_fu_1910_p2             |         -|   0|  0|   19|           4|          12|
    |sub_ln46_3_fu_1340_p2             |         -|   0|  0|   23|          16|          16|
    |sub_ln46_fu_1879_p2               |         -|   0|  0|   61|           1|          54|
    |sub_ln47_1_fu_2542_p2             |         -|   0|  0|   19|          11|          12|
    |sub_ln47_2_fu_2570_p2             |         -|   0|  0|   19|           3|          12|
    |sub_ln47_fu_2529_p2               |         -|   0|  0|   61|           1|          54|
    |sub_ln54_1_fu_1618_p2             |         -|   0|  0|   39|           4|          32|
    |sub_ln54_2_fu_3348_p2             |         -|   0|  0|   39|           5|          32|
    |sub_ln54_3_fu_3411_p2             |         -|   0|  0|   19|           2|           8|
    |sub_ln54_4_fu_411_p2              |         -|   0|  0|   23|          16|          16|
    |sub_ln54_5_fu_1168_p2             |         -|   0|  0|   29|          22|          22|
    |sub_ln54_6_fu_1632_p2             |         -|   0|  0|   12|           3|           4|
    |sub_ln54_fu_1574_p2               |         -|   0|  0|   19|           1|          12|
    |and_ln46_10_fu_2108_p2            |       and|   0|  0|    2|           1|           1|
    |and_ln46_11_fu_2114_p2            |       and|   0|  0|    2|           1|           1|
    |and_ln46_12_fu_2198_p2            |       and|   0|  0|    2|           1|           1|
    |and_ln46_13_fu_2392_p2            |       and|   0|  0|    2|           1|           1|
    |and_ln46_14_fu_2398_p2            |       and|   0|  0|    2|           1|           1|
    |and_ln46_15_fu_2403_p2            |       and|   0|  0|    2|           1|           1|
    |and_ln46_16_fu_2422_p2            |       and|   0|  0|    2|           1|           1|
    |and_ln46_17_fu_2489_p2            |       and|   0|  0|    2|           1|           1|
    |and_ln46_18_fu_2495_p2            |       and|   0|  0|    2|           1|           1|
    |and_ln46_1_fu_2094_p2             |       and|   0|  0|    2|           1|           1|
    |and_ln46_2_fu_2264_p2             |       and|   0|  0|    2|           1|           1|
    |and_ln46_3_fu_2270_p2             |       and|   0|  0|    2|           1|           1|
    |and_ln46_4_fu_2288_p2             |       and|   0|  0|    2|           1|           1|
    |and_ln46_5_fu_2354_p2             |       and|   0|  0|    2|           1|           1|
    |and_ln46_6_fu_2368_p2             |       and|   0|  0|    2|           1|           1|
    |and_ln46_7_fu_2439_p2             |       and|   0|  0|    2|           1|           1|
    |and_ln46_8_fu_2445_p2             |       and|   0|  0|    2|           1|           1|
    |and_ln46_9_fu_2457_p2             |       and|   0|  0|    2|           1|           1|
    |and_ln46_fu_2074_p2               |       and|   0|  0|    2|           1|           1|
    |and_ln47_10_fu_2778_p2            |       and|   0|  0|    2|           1|           1|
    |and_ln47_11_fu_2784_p2            |       and|   0|  0|    2|           1|           1|
    |and_ln47_12_fu_2868_p2            |       and|   0|  0|    2|           1|           1|
    |and_ln47_13_fu_3062_p2            |       and|   0|  0|    2|           1|           1|
    |and_ln47_14_fu_3068_p2            |       and|   0|  0|    2|           1|           1|
    |and_ln47_15_fu_3073_p2            |       and|   0|  0|    2|           1|           1|
    |and_ln47_16_fu_3092_p2            |       and|   0|  0|    2|           1|           1|
    |and_ln47_17_fu_3159_p2            |       and|   0|  0|    2|           1|           1|
    |and_ln47_18_fu_3165_p2            |       and|   0|  0|    2|           1|           1|
    |and_ln47_1_fu_2764_p2             |       and|   0|  0|    2|           1|           1|
    |and_ln47_2_fu_2934_p2             |       and|   0|  0|    2|           1|           1|
    |and_ln47_3_fu_2940_p2             |       and|   0|  0|    2|           1|           1|
    |and_ln47_4_fu_2958_p2             |       and|   0|  0|    2|           1|           1|
    |and_ln47_5_fu_3024_p2             |       and|   0|  0|    2|           1|           1|
    |and_ln47_6_fu_3038_p2             |       and|   0|  0|    2|           1|           1|
    |and_ln47_7_fu_3109_p2             |       and|   0|  0|    2|           1|           1|
    |and_ln47_8_fu_3115_p2             |       and|   0|  0|    2|           1|           1|
    |and_ln47_9_fu_3127_p2             |       and|   0|  0|    2|           1|           1|
    |and_ln47_fu_2744_p2               |       and|   0|  0|    2|           1|           1|
    |and_ln48_fu_3237_p2               |       and|   0|  0|    2|           1|           1|
    |and_ln53_1_fu_1470_p2             |       and|   0|  0|    2|           1|           1|
    |and_ln53_2_fu_1484_p2             |       and|   0|  0|    2|           1|           1|
    |and_ln53_3_fu_1508_p2             |       and|   0|  0|    2|           1|           1|
    |and_ln53_4_fu_1514_p2             |       and|   0|  0|    2|           1|           1|
    |and_ln53_5_fu_1532_p2             |       and|   0|  0|    2|           1|           1|
    |and_ln53_fu_1404_p2               |       and|   0|  0|    2|           1|           1|
    |and_ln54_1_fu_3305_p2             |       and|   0|  0|    2|           1|           1|
    |and_ln54_2_fu_1648_p2             |       and|   0|  0|   12|          12|          12|
    |and_ln54_fu_3286_p2               |       and|   0|  0|    2|           1|           1|
    |brmerge8_i_demorgan_fu_1090_p2    |       and|   0|  0|    2|           1|           1|
    |carry_1_i_fu_960_p2               |       and|   0|  0|    2|           1|           1|
    |deleted_zeros_0_not_i_fu_1072_p2  |       and|   0|  0|    2|           1|           1|
    |empty_46_fu_892_p2                |       and|   0|  0|    2|           1|           1|
    |or_cond4_i_fu_769_p2              |       and|   0|  0|    2|           1|           1|
    |spec_select10_i_fu_880_p2         |       and|   0|  0|    2|           1|           1|
    |spec_select11_i_fu_1084_p2        |       and|   0|  0|    2|           1|           1|
    |spec_select12_i_fu_1108_p2        |       and|   0|  0|    2|           1|           1|
    |spec_select478_fu_809_p2          |       and|   0|  0|    2|           1|           1|
    |spec_select5_i_fu_862_p2          |       and|   0|  0|    2|           1|           1|
    |spec_select7_i_fu_1006_p2         |       and|   0|  0|    2|           1|           1|
    |tmp69_fu_948_p2                   |       and|   0|  0|    2|           1|           1|
    |tmp70_fu_954_p2                   |       and|   0|  0|    2|           1|           1|
    |tmp71_fu_1102_p2                  |       and|   0|  0|    2|           1|           1|
    |ashr_ln46_fu_1963_p2              |      ashr|   0|  0|  159|          54|          54|
    |ashr_ln47_fu_2623_p2              |      ashr|   0|  0|  159|          54|          54|
    |shr_i_fu_652_p2                   |      ashr|   0|  0|  159|          54|          54|
    |cmp123_i_fu_601_p2                |      icmp|   0|  0|   19|          12|           6|
    |cmp135_i_fu_726_p2                |      icmp|   0|  0|   19|          12|           6|
    |cmp161_i_fu_789_p2                |      icmp|   0|  0|   19|          12|           6|
    |cmp28_i_fu_531_p2                 |      icmp|   0|  0|   19|          12|           5|
    |cmp32_i_fu_561_p2                 |      icmp|   0|  0|   19|          12|           5|
    |cmp40_i_fu_627_p2                 |      icmp|   0|  0|   19|          12|           6|
    |cmp51_i_fu_670_p2                 |      icmp|   0|  0|   19|          12|           6|
    |cmp90_i_fu_676_p2                 |      icmp|   0|  0|   19|          12|           5|
    |cmp_i_fu_486_p2                   |      icmp|   0|  0|   70|          63|           1|
    |cmp_i_i180_fu_763_p2              |      icmp|   0|  0|   61|          54|          54|
    |empty_41_fu_621_p2                |      icmp|   0|  0|   19|          12|           6|
    |empty_45_fu_732_p2                |      icmp|   0|  0|   19|          12|           6|
    |icmp_fu_1028_p2                   |      icmp|   0|  0|   16|           9|           1|
    |icmp_ln17_fu_439_p2               |      icmp|   0|  0|   15|           7|           8|
    |icmp_ln18_fu_1178_p2              |      icmp|   0|  0|   15|           8|           2|
    |icmp_ln19_fu_1212_p2              |      icmp|   0|  0|   15|           8|           2|
    |icmp_ln24_fu_1255_p2              |      icmp|   0|  0|   12|           4|           4|
    |icmp_ln29_fu_1290_p2              |      icmp|   0|  0|   17|          10|           8|
    |icmp_ln35_fu_1692_p2              |      icmp|   0|  0|   12|           4|           4|
    |icmp_ln40_fu_1727_p2              |      icmp|   0|  0|   17|          10|           8|
    |icmp_ln46_10_fu_2204_p2           |      icmp|   0|  0|   19|          12|           6|
    |icmp_ln46_11_fu_2210_p2           |      icmp|   0|  0|   19|          12|           6|
    |icmp_ln46_12_fu_2236_p2           |      icmp|   0|  0|   61|          54|          54|
    |icmp_ln46_13_fu_2282_p2           |      icmp|   0|  0|   61|          54|           1|
    |icmp_ln46_14_fu_2294_p2           |      icmp|   0|  0|   19|          12|           6|
    |icmp_ln46_1_fu_1898_p2            |      icmp|   0|  0|   19|          12|           4|
    |icmp_ln46_2_fu_1928_p2            |      icmp|   0|  0|   19|          12|           4|
    |icmp_ln46_3_fu_1938_p2            |      icmp|   0|  0|   19|          12|           6|
    |icmp_ln46_4_fu_1981_p2            |      icmp|   0|  0|   19|          12|           6|
    |icmp_ln46_5_fu_1987_p2            |      icmp|   0|  0|   19|          12|           4|
    |icmp_ln46_6_fu_2088_p2            |      icmp|   0|  0|   19|          12|           4|
    |icmp_ln46_7_fu_2134_p2            |      icmp|   0|  0|   19|          12|           1|
    |icmp_ln46_8_fu_2164_p2            |      icmp|   0|  0|   19|          12|           6|
    |icmp_ln46_9_fu_2184_p2            |      icmp|   0|  0|   19|          12|           6|
    |icmp_ln46_fu_1817_p2              |      icmp|   0|  0|   70|          63|           1|
    |icmp_ln47_10_fu_2874_p2           |      icmp|   0|  0|   19|          12|           6|
    |icmp_ln47_11_fu_2880_p2           |      icmp|   0|  0|   19|          12|           6|
    |icmp_ln47_12_fu_2906_p2           |      icmp|   0|  0|   61|          54|          54|
    |icmp_ln47_13_fu_2952_p2           |      icmp|   0|  0|   61|          54|           1|
    |icmp_ln47_14_fu_2964_p2           |      icmp|   0|  0|   19|          12|           6|
    |icmp_ln47_1_fu_2558_p2            |      icmp|   0|  0|   16|           9|           1|
    |icmp_ln47_2_fu_2588_p2            |      icmp|   0|  0|   19|          12|           3|
    |icmp_ln47_3_fu_2598_p2            |      icmp|   0|  0|   19|          12|           6|
    |icmp_ln47_4_fu_2641_p2            |      icmp|   0|  0|   19|          12|           6|
    |icmp_ln47_5_fu_2657_p2            |      icmp|   0|  0|   16|           9|           1|
    |icmp_ln47_6_fu_2758_p2            |      icmp|   0|  0|   19|          12|           3|
    |icmp_ln47_7_fu_2804_p2            |      icmp|   0|  0|   19|          12|           1|
    |icmp_ln47_8_fu_2834_p2            |      icmp|   0|  0|   19|          12|           6|
    |icmp_ln47_9_fu_2854_p2            |      icmp|   0|  0|   19|          12|           6|
    |icmp_ln47_fu_1853_p2              |      icmp|   0|  0|   70|          63|           1|
    |icmp_ln53_1_fu_1436_p2            |      icmp|   0|  0|   13|           6|           2|
    |icmp_ln53_2_fu_1442_p2            |      icmp|   0|  0|   13|           6|           1|
    |icmp_ln53_fu_1420_p2              |      icmp|   0|  0|   12|           5|           2|
    |icmp_ln54_1_fu_3280_p2            |      icmp|   0|  0|   38|          31|           1|
    |icmp_ln54_2_fu_1654_p2            |      icmp|   0|  0|   19|          12|           1|
    |icmp_ln54_3_fu_3327_p2            |      icmp|   0|  0|   39|          32|           1|
    |icmp_ln54_fu_1560_p2              |      icmp|   0|  0|   19|          12|           1|
    |not_tobool156_i_fu_874_p2         |      icmp|   0|  0|   61|          54|           1|
    |lshr_ln46_1_fu_2230_p2            |      lshr|   0|  0|  159|           2|          54|
    |lshr_ln46_fu_2224_p2              |      lshr|   0|  0|  159|          54|          54|
    |lshr_ln47_1_fu_2900_p2            |      lshr|   0|  0|  159|           2|          54|
    |lshr_ln47_fu_2894_p2              |      lshr|   0|  0|  159|          54|          54|
    |lshr_ln54_2_fu_1642_p2            |      lshr|   0|  0|   25|           2|          12|
    |lshr_ln54_fu_3342_p2              |      lshr|   0|  0|  179|          64|          64|
    |shr141_i_fu_751_p2                |      lshr|   0|  0|  159|          54|          54|
    |shr_i_i179_fu_757_p2              |      lshr|   0|  0|  159|           2|          54|
    |brmerge482_fu_920_p2              |        or|   0|  0|    2|           1|           1|
    |brmerge4_fu_1034_p2               |        or|   0|  0|    2|           1|           1|
    |brmerge_i_fu_1078_p2              |        or|   0|  0|    2|           1|           1|
    |deleted_ones_0_i_fu_1052_p2       |        or|   0|  0|    2|           1|           1|
    |empty_47_fu_1121_p2               |        or|   0|  0|    2|           1|           1|
    |or_ln27_fu_1314_p2                |        or|   0|  0|    2|           1|           1|
    |or_ln38_fu_1749_p2                |        or|   0|  0|    2|           1|           1|
    |or_ln46_1_fu_2428_p2              |        or|   0|  0|    2|           1|           1|
    |or_ln46_2_fu_2463_p2              |        or|   0|  0|    2|           1|           1|
    |or_ln46_3_fu_2386_p2              |        or|   0|  0|    2|           1|           1|
    |or_ln46_fu_2348_p2                |        or|   0|  0|    2|           1|           1|
    |or_ln47_1_fu_3098_p2              |        or|   0|  0|    2|           1|           1|
    |or_ln47_2_fu_3133_p2              |        or|   0|  0|    2|           1|           1|
    |or_ln47_3_fu_3056_p2              |        or|   0|  0|    2|           1|           1|
    |or_ln47_fu_3018_p2                |        or|   0|  0|    2|           1|           1|
    |or_ln53_1_fu_1546_p2              |        or|   0|  0|    2|           1|           1|
    |or_ln53_2_fu_1520_p2              |        or|   0|  0|    2|           1|           1|
    |or_ln53_fu_1496_p2                |        or|   0|  0|    2|           1|           1|
    |or_ln54_fu_3310_p2                |        or|   0|  0|    2|           1|           1|
    |spec_select6_i_fu_886_p2          |        or|   0|  0|    2|           1|           1|
    |Range2_all_ones_1_i_fu_840_p3     |    select|   0|  0|    2|           1|           1|
    |acc_10_fu_3257_p3                 |    select|   0|  0|   26|           1|          26|
    |acc_fu_1135_p3                    |    select|   0|  0|   26|           1|          26|
    |cond177_i_fu_990_p3               |    select|   0|  0|    2|           1|           1|
    |cond188_i_fu_998_p3               |    select|   0|  0|    2|           1|           1|
    |cond_i_fu_549_p3                  |    select|   0|  0|   11|           1|          12|
    |conv35_i_mux_fu_926_p3            |    select|   0|  0|   26|           1|          26|
    |empty_43_fu_662_p3                |    select|   0|  0|   26|           1|          26|
    |feat1_d0                          |    select|   0|  0|   32|           1|           1|
    |in_fu_2501_p3                     |    select|   0|  0|   11|           1|          12|
    |ix_fu_1755_p3                     |    select|   0|  0|   10|           1|          10|
    |iy_fu_1320_p3                     |    select|   0|  0|    8|           1|           8|
    |man_0_i_fu_518_p3                 |    select|   0|  0|   52|           1|          54|
    |neg_src_0_i_v_fu_1058_p3          |    select|   0|  0|    2|           1|           1|
    |out_fu_1552_p3                    |    select|   0|  0|   11|           1|          12|
    |p_cast85_cast_fu_640_p3           |    select|   0|  0|    2|           1|           2|
    |p_mux_fu_1039_p3                  |    select|   0|  0|   26|           1|           1|
    |ref_tmp_i_i_0_fu_934_p3           |    select|   0|  0|   26|           1|          26|
    |select_ln27_fu_1306_p3            |    select|   0|  0|    3|           1|           1|
    |select_ln38_fu_1741_p3            |    select|   0|  0|    8|           1|           1|
    |select_ln46_10_fu_2100_p3         |    select|   0|  0|   11|           1|          12|
    |select_ln46_11_fu_1951_p3         |    select|   0|  0|    2|           1|           2|
    |select_ln46_12_fu_2256_p3         |    select|   0|  0|    2|           1|           1|
    |select_ln46_13_fu_2316_p3         |    select|   0|  0|    2|           1|           1|
    |select_ln46_14_fu_2324_p3         |    select|   0|  0|    2|           1|           1|
    |select_ln46_15_fu_2360_p3         |    select|   0|  0|    2|           1|           1|
    |select_ln46_16_fu_2408_p3         |    select|   0|  0|    2|           1|           1|
    |select_ln46_17_fu_2477_p3         |    select|   0|  0|   11|           1|           1|
    |select_ln46_18_fu_2120_p3         |    select|   0|  0|    2|           1|           2|
    |select_ln46_1_fu_1916_p3          |    select|   0|  0|   11|           1|          12|
    |select_ln46_2_fu_1973_p3          |    select|   0|  0|   11|           1|          12|
    |select_ln46_3_fu_2332_p3          |    select|   0|  0|    2|           1|           1|
    |select_ln46_4_fu_2469_p3          |    select|   0|  0|   12|           1|          11|
    |select_ln46_5_fu_2300_p3          |    select|   0|  0|    2|           1|           1|
    |select_ln46_6_fu_2308_p3          |    select|   0|  0|    2|           1|           1|
    |select_ln46_7_fu_2021_p3          |    select|   0|  0|    2|           1|           1|
    |select_ln46_8_fu_2060_p3          |    select|   0|  0|   11|           1|          12|
    |select_ln46_9_fu_2080_p3          |    select|   0|  0|   11|           1|          12|
    |select_ln46_fu_1885_p3            |    select|   0|  0|   52|           1|          54|
    |select_ln47_10_fu_2770_p3         |    select|   0|  0|    8|           1|           8|
    |select_ln47_11_fu_2611_p3         |    select|   0|  0|    2|           1|           2|
    |select_ln47_12_fu_2926_p3         |    select|   0|  0|    2|           1|           1|
    |select_ln47_13_fu_2986_p3         |    select|   0|  0|    2|           1|           1|
    |select_ln47_14_fu_2994_p3         |    select|   0|  0|    2|           1|           1|
    |select_ln47_15_fu_3030_p3         |    select|   0|  0|    2|           1|           1|
    |select_ln47_16_fu_3078_p3         |    select|   0|  0|    2|           1|           1|
    |select_ln47_17_fu_3147_p3         |    select|   0|  0|    8|           1|           1|
    |select_ln47_18_fu_2790_p3         |    select|   0|  0|    2|           1|           2|
    |select_ln47_1_fu_2576_p3          |    select|   0|  0|   11|           1|          12|
    |select_ln47_2_fu_2633_p3          |    select|   0|  0|    8|           1|           8|
    |select_ln47_3_fu_3002_p3          |    select|   0|  0|    2|           1|           1|
    |select_ln47_4_fu_3139_p3          |    select|   0|  0|    9|           1|           7|
    |select_ln47_5_fu_2970_p3          |    select|   0|  0|    2|           1|           1|
    |select_ln47_6_fu_2978_p3          |    select|   0|  0|    2|           1|           1|
    |select_ln47_7_fu_2691_p3          |    select|   0|  0|    2|           1|           1|
    |select_ln47_8_fu_2730_p3          |    select|   0|  0|    8|           1|           8|
    |select_ln47_9_fu_2750_p3          |    select|   0|  0|    8|           1|           8|
    |select_ln47_fu_2535_p3            |    select|   0|  0|   52|           1|          54|
    |select_ln48_fu_3249_p3            |    select|   0|  0|   27|           1|          25|
    |select_ln53_1_fu_1476_p3          |    select|   0|  0|    2|           1|           1|
    |select_ln53_2_fu_1538_p3          |    select|   0|  0|   12|           1|          11|
    |select_ln53_fu_1448_p3            |    select|   0|  0|    2|           1|           1|
    |select_ln54_1_fu_3363_p3          |    select|   0|  0|   64|           1|          64|
    |select_ln54_2_fu_3403_p3          |    select|   0|  0|    7|           1|           7|
    |select_ln54_fu_1580_p3            |    select|   0|  0|   11|           1|          12|
    |spec_select468_fu_1113_p3         |    select|   0|  0|   27|           1|          25|
    |spec_select472_fu_1127_p3         |    select|   0|  0|   26|           1|          26|
    |spec_select475_fu_832_p3          |    select|   0|  0|   26|           1|          26|
    |spec_select477_fu_815_p3          |    select|   0|  0|    2|           1|           1|
    |spec_select479_fu_898_p3          |    select|   0|  0|    2|           1|           1|
    |spec_select480_fu_906_p3          |    select|   0|  0|    2|           1|           1|
    |spec_select483_fu_974_p3          |    select|   0|  0|    2|           1|           1|
    |spec_select484_fu_982_p3          |    select|   0|  0|    2|           1|           1|
    |tmp68_cast_cast_fu_571_p3         |    select|   0|  0|    2|           1|           2|
    |wt_fu_3171_p3                     |    select|   0|  0|    8|           1|           8|
    |shl_i_fu_720_p2                   |       shl|   0|  0|   68|          26|          26|
    |shl_ln46_fu_2015_p2               |       shl|   0|  0|   25|          12|          12|
    |shl_ln47_fu_2685_p2               |       shl|   0|  0|   16|           8|           8|
    |shl_ln54_fu_3357_p2               |       shl|   0|  0|  179|          64|          64|
    |brmerge8_i_fu_1096_p2             |       xor|   0|  0|    2|           1|           2|
    |cmp28_i_not_fu_914_p2             |       xor|   0|  0|    2|           1|           2|
    |cmp32_i_not_fu_942_p2             |       xor|   0|  0|    2|           1|           2|
    |cond177_i_not_fu_1066_p2          |       xor|   0|  0|    2|           1|           2|
    |lnot158_i_fu_868_p2               |       xor|   0|  0|    2|           1|           2|
    |lnot192_i_fu_1012_p2              |       xor|   0|  0|    2|           1|           2|
    |lnot199_i_fu_738_p2               |       xor|   0|  0|    2|           1|           2|
    |not_cmp123_i6_fu_1046_p2          |       xor|   0|  0|    2|           1|           2|
    |not_cmp181_i_fu_803_p2            |       xor|   0|  0|    2|           1|           2|
    |rev56_fu_783_p2                   |       xor|   0|  0|    2|           1|           2|
    |rev61_fu_856_p2                   |       xor|   0|  0|    2|           1|           2|
    |rev_fu_615_p2                     |       xor|   0|  0|    2|           1|           2|
    |xor_ln46_10_fu_2250_p2            |       xor|   0|  0|    2|           1|           2|
    |xor_ln46_1_fu_2068_p2             |       xor|   0|  0|    2|           1|           2|
    |xor_ln46_2_fu_2374_p2             |       xor|   0|  0|    2|           2|           1|
    |xor_ln46_3_fu_2380_p2             |       xor|   0|  0|    2|           1|           2|
    |xor_ln46_4_fu_2416_p2             |       xor|   0|  0|    2|           1|           2|
    |xor_ln46_5_fu_2434_p2             |       xor|   0|  0|    2|           1|           2|
    |xor_ln46_6_fu_2451_p2             |       xor|   0|  0|    2|           2|           1|
    |xor_ln46_7_fu_2484_p2             |       xor|   0|  0|    2|           1|           2|
    |xor_ln46_8_fu_2054_p2             |       xor|   0|  0|    2|           1|           2|
    |xor_ln46_9_fu_2178_p2             |       xor|   0|  0|    2|           1|           2|
    |xor_ln46_fu_2276_p2               |       xor|   0|  0|    2|           2|           1|
    |xor_ln47_10_fu_2920_p2            |       xor|   0|  0|    2|           1|           2|
    |xor_ln47_1_fu_2738_p2             |       xor|   0|  0|    2|           1|           2|
    |xor_ln47_2_fu_3044_p2             |       xor|   0|  0|    2|           2|           1|
    |xor_ln47_3_fu_3050_p2             |       xor|   0|  0|    2|           1|           2|
    |xor_ln47_4_fu_3086_p2             |       xor|   0|  0|    2|           1|           2|
    |xor_ln47_5_fu_3104_p2             |       xor|   0|  0|    2|           1|           2|
    |xor_ln47_6_fu_3121_p2             |       xor|   0|  0|    2|           2|           1|
    |xor_ln47_7_fu_3154_p2             |       xor|   0|  0|    2|           1|           2|
    |xor_ln47_8_fu_2724_p2             |       xor|   0|  0|    2|           1|           2|
    |xor_ln47_9_fu_2848_p2             |       xor|   0|  0|    2|           1|           2|
    |xor_ln47_fu_2946_p2               |       xor|   0|  0|    2|           2|           1|
    |xor_ln48_1_fu_3243_p2             |       xor|   0|  0|    2|           1|           1|
    |xor_ln48_fu_3231_p2               |       xor|   0|  0|    2|           1|           2|
    |xor_ln53_1_fu_1490_p2             |       xor|   0|  0|    2|           1|           2|
    |xor_ln53_2_fu_1502_p2             |       xor|   0|  0|    2|           1|           2|
    |xor_ln53_3_fu_1526_p2             |       xor|   0|  0|    2|           1|           2|
    |xor_ln53_4_fu_1464_p2             |       xor|   0|  0|    2|           1|           2|
    |xor_ln53_fu_1398_p2               |       xor|   0|  0|    2|           1|           2|
    |xor_ln54_fu_3299_p2               |       xor|   0|  0|    2|           1|           2|
    +----------------------------------+----------+----+---+-----+------------+------------+
    |Total                             |          |   0|  0| 5954|        2563|        2777|
    +----------------------------------+----------+----+---+-----+------------+------------+

    * Multiplexer: 
    +---------------+----+-----------+-----+-----------+
    |      Name     | LUT| Input Size| Bits| Total Bits|
    +---------------+----+-----------+-----+-----------+
    |acc_6_reg_339  |   9|          2|   26|         52|
    |acc_7_reg_360  |   9|          2|   26|         52|
    |ap_NS_fsm      |  65|         15|    1|         15|
    |grp_fu_372_p0  |  14|          3|   32|         96|
    |kx_reg_349     |   9|          2|    4|          8|
    |ky_reg_328     |   9|          2|    4|          8|
    |oc_fu_250      |   9|          2|    7|         14|
    |x_reg_317      |   9|          2|    8|         16|
    |y_reg_305      |   9|          2|    8|         16|
    +---------------+----+-----------+-----+-----------+
    |Total          | 142|         32|  116|        277|
    +---------------+----+-----------+-----+-----------+

    * Register: 
    +-----------------------------+----+----+-----+-----------+
    |             Name            | FF | LUT| Bits| Const Bits|
    +-----------------------------+----+----+-----+-----------+
    |acc_6_reg_339                |  26|   0|   26|          0|
    |acc_7_reg_360                |  26|   0|   26|          0|
    |acc_reg_3521                 |  26|   0|   26|          0|
    |add_ln17_reg_3477            |   7|   0|    7|          0|
    |add_ln18_reg_3539            |   8|   0|    8|          0|
    |add_ln19_reg_3557            |   8|   0|    8|          0|
    |add_ln24_reg_3570            |   4|   0|    4|          0|
    |add_ln35_reg_3625            |   4|   0|    4|          0|
    |add_ln47_7_reg_3469          |  11|   0|   11|          0|
    |add_ln47_9_reg_3562          |  13|   0|   13|          0|
    |ap_CS_fsm                    |  14|   0|   14|          0|
    |bit_select30_i_i_reg_3607    |   1|   0|    1|          0|
    |cmp_i_reg_3515               |   1|   0|    1|          0|
    |conv1_biases_load_reg_3487   |  32|   0|   32|          0|
    |conv1_weights_load_reg_3645  |  32|   0|   32|          0|
    |feat1_addr_reg_3544          |  22|   0|   22|          0|
    |icmp_ln46_reg_3674           |   1|   0|    1|          0|
    |icmp_ln47_reg_3699           |   1|   0|    1|          0|
    |icmp_ln54_2_reg_3602         |   1|   0|    1|          0|
    |icmp_ln54_reg_3580           |   1|   0|    1|          0|
    |in_reg_3705                  |  12|   0|   12|          0|
    |input_ftmap_load_reg_3635    |  32|   0|   32|          0|
    |kx_reg_349                   |   4|   0|    4|          0|
    |ky_reg_328                   |   4|   0|    4|          0|
    |oc_fu_250                    |   7|   0|    7|          0|
    |select_ln54_reg_3590         |  12|   0|   12|          0|
    |sext_ln47_5_reg_3464         |  17|   0|   17|          0|
    |sub_ln46_3_reg_3575          |  16|   0|   16|          0|
    |sub_ln54_1_reg_3595          |  32|   0|   32|          0|
    |sub_ln54_5_reg_3526          |  22|   0|   22|          0|
    |tmp5_reg_3505                |  11|   0|   11|          0|
    |tmp_23_reg_3585              |   1|   0|    1|          0|
    |tmp_30_reg_3655              |   1|   0|    1|          0|
    |tmp_31_reg_3664              |  11|   0|   11|          0|
    |tmp_39_reg_3680              |   1|   0|    1|          0|
    |tmp_40_reg_3689              |  11|   0|   11|          0|
    |tmp_reg_3497                 |   1|   0|    1|          0|
    |trunc_ln21_reg_3510          |  52|   0|   52|          0|
    |trunc_ln46_1_reg_3669        |  52|   0|   52|          0|
    |trunc_ln47_2_reg_3694        |  52|   0|   52|          0|
    |trunc_ln54_3_reg_3612        |   8|   0|    8|          0|
    |wt_reg_3710                  |   8|   0|    8|          0|
    |x_reg_317                    |   8|   0|    8|          0|
    |y_reg_305                    |   8|   0|    8|          0|
    |zext_ln18_reg_3531           |   8|   0|   10|          2|
    |zext_ln19_reg_3549           |   8|   0|   10|          2|
    +-----------------------------+----+----+-----+-----------+
    |Total                        | 638|   0|  642|          4|
    +-----------------------------+----+----+-----+-----------+



================================================================
== Interface
================================================================
* Summary: 
+------------------------+-----+-----+------------+---------------+--------------+
|        RTL Ports       | Dir | Bits|  Protocol  | Source Object |    C Type    |
+------------------------+-----+-----+------------+---------------+--------------+
|ap_clk                  |   in|    1|  ap_ctrl_hs|          conv1|  return value|
|ap_rst                  |   in|    1|  ap_ctrl_hs|          conv1|  return value|
|ap_start                |   in|    1|  ap_ctrl_hs|          conv1|  return value|
|ap_done                 |  out|    1|  ap_ctrl_hs|          conv1|  return value|
|ap_idle                 |  out|    1|  ap_ctrl_hs|          conv1|  return value|
|ap_ready                |  out|    1|  ap_ctrl_hs|          conv1|  return value|
|input_ftmap_address0    |  out|   16|   ap_memory|    input_ftmap|         array|
|input_ftmap_ce0         |  out|    1|   ap_memory|    input_ftmap|         array|
|input_ftmap_q0          |   in|   32|   ap_memory|    input_ftmap|         array|
|conv1_weights_address0  |  out|   13|   ap_memory|  conv1_weights|         array|
|conv1_weights_ce0       |  out|    1|   ap_memory|  conv1_weights|         array|
|conv1_weights_q0        |   in|   32|   ap_memory|  conv1_weights|         array|
|conv1_biases_address0   |  out|    6|   ap_memory|   conv1_biases|         array|
|conv1_biases_ce0        |  out|    1|   ap_memory|   conv1_biases|         array|
|conv1_biases_q0         |   in|   32|   ap_memory|   conv1_biases|         array|
|feat1_address0          |  out|   22|   ap_memory|          feat1|         array|
|feat1_ce0               |  out|    1|   ap_memory|          feat1|         array|
|feat1_we0               |  out|    1|   ap_memory|          feat1|         array|
|feat1_d0                |  out|   32|   ap_memory|          feat1|         array|
+------------------------+-----+-----+------------+---------------+--------------+

