

================================================================
== Vitis HLS Report for 'srcnn'
================================================================
* Date:           Thu Oct 16 20:29:18 2025

* Version:        2023.1 (Build 3854077 on May  4 2023)
* Project:        srcnn_hls
* Solution:       solution1 (Vivado IP Flow Target)
* Product family: zynquplus
* Target device:  xck26-sfvc784-2LV-c


================================================================
== Performance Estimates
================================================================
+ Timing: 
    * Summary: 
    +--------+----------+----------+------------+
    |  Clock |  Target  | Estimated| Uncertainty|
    +--------+----------+----------+------------+
    |ap_clk  |  10.00 ns|  7.272 ns|     2.70 ns|
    +--------+----------+----------+------------+

+ Latency: 
    * Summary: 
    +------------+------------+------------+------------+------------+------------+---------+
    |     Latency (cycles)    |    Latency (absolute)   |         Interval        | Pipeline|
    |     min    |     max    |     min    |     max    |     min    |     max    |   Type  |
    +------------+------------+------------+------------+------------+------------+---------+
    |  1736602040|  3597595064|  17.366 sec|  35.976 sec|  1736602041|  3597595065|       no|
    +------------+------------+------------+------------+------------+------------+---------+

    + Detail: 
        * Instance: 
        +-------------------+-------+------------+------------+------------+------------+------------+------------+---------+
        |                   |       |     Latency (cycles)    |    Latency (absolute)   |         Interval        | Pipeline|
        |      Instance     | Module|     min    |     max    |     min    |     max    |     min    |     max    |   Type  |
        +-------------------+-------+------------+------------+------------+------------+------------+------------+---------+
        |grp_conv1_fu_1560  |conv1  |    21826705|  1882819729|   0.218 sec|  18.828 sec|    21826705|  1882819729|       no|
        |grp_conv2_fu_2938  |conv2  |  1202718817|  1202718817|  12.027 sec|  12.027 sec|  1202718817|  1202718817|       no|
        |grp_conv3_fu_2950  |conv3  |   493280161|   493280161|   4.933 sec|   4.933 sec|   493280161|   493280161|       no|
        +-------------------+-------+------------+------------+------------+------------+------------+------------+---------+

        * Loop: 
        +----------------------+----------+----------+----------+-----------+-----------+------+----------+
        |                      |   Latency (cycles)  | Iteration|  Initiation Interval  | Trip |          |
        |       Loop Name      |    min   |    max   |  Latency |  achieved |   target  | Count| Pipelined|
        +----------------------+----------+----------+----------+-----------+-----------+------+----------+
        |- VITIS_LOOP_18_1     |  12517568|  12517568|    195587|          -|          -|    64|        no|
        | + VITIS_LOOP_19_2    |    195585|    195585|       767|          -|          -|   255|        no|
        |  ++ VITIS_LOOP_20_3  |       765|       765|         3|          -|          -|   255|        no|
        |- VITIS_LOOP_30_4     |   6258784|   6258784|    195587|          -|          -|    32|        no|
        | + VITIS_LOOP_31_5    |    195585|    195585|       767|          -|          -|   255|        no|
        |  ++ VITIS_LOOP_32_6  |       765|       765|         3|          -|          -|   255|        no|
        +----------------------+----------+----------+----------+-----------+-----------+------+----------+



================================================================
== Utilization Estimates
================================================================
* Summary: 
+-----------------+---------+------+--------+--------+-----+
|       Name      | BRAM_18K|  DSP |   FF   |   LUT  | URAM|
+-----------------+---------+------+--------+--------+-----+
|DSP              |        -|     -|       -|       -|    -|
|Expression       |        -|     -|       0|     480|    -|
|FIFO             |        -|     -|       -|       -|    -|
|Instance         |       70|     8|   66163|   15585|    0|
|Memory           |    11064|     -|       0|       0|    0|
|Multiplexer      |        -|     -|       -|     401|    -|
|Register         |        -|     -|     262|       -|    -|
+-----------------+---------+------+--------+--------+-----+
|Total            |    11134|     8|   66425|   16466|    0|
+-----------------+---------+------+--------+--------+-----+
|Available        |      288|  1248|  234240|  117120|   64|
+-----------------+---------+------+--------+--------+-----+
|Utilization (%)  |     3865|    ~0|      28|      14|    0|
+-----------------+---------+------+--------+--------+-----+

+ Detail: 
    * Instance: 
    +-------------------------------------+--------------------------------+---------+----+-------+-------+-----+
    |               Instance              |             Module             | BRAM_18K| DSP|   FF  |  LUT  | URAM|
    +-------------------------------------+--------------------------------+---------+----+-------+-------+-----+
    |grp_conv1_fu_1560                    |conv1                           |       70|   3|  65131|  14195|    0|
    |grp_conv2_fu_2938                    |conv2                           |        0|   0|    311|    436|    0|
    |grp_conv3_fu_2950                    |conv3                           |        0|   0|    366|    605|    0|
    |fadd_32ns_32ns_32_4_full_dsp_1_U201  |fadd_32ns_32ns_32_4_full_dsp_1  |        0|   2|    227|    214|    0|
    |fcmp_32ns_32ns_1_2_no_dsp_1_U200     |fcmp_32ns_32ns_1_2_no_dsp_1     |        0|   0|      0|      0|    0|
    |fmul_32ns_32ns_32_3_max_dsp_1_U202   |fmul_32ns_32ns_32_3_max_dsp_1   |        0|   3|    128|    135|    0|
    +-------------------------------------+--------------------------------+---------+----+-------+-------+-----+
    |Total                                |                                |       70|   8|  66163|  15585|    0|
    +-------------------------------------+--------------------------------+---------+----+-------+-------+-----+

    * DSP: 
    N/A

    * Memory: 
    +---------+---------------------+---------+---+----+-----+---------+-----+------+-------------+
    |  Memory |        Module       | BRAM_18K| FF| LUT| URAM|  Words  | Bits| Banks| W*Bits*Banks|
    +---------+---------------------+---------+---+----+-----+---------+-----+------+-------------+
    |feat1_U  |feat1_RAM_AUTO_1R1W  |     7374|  0|   0|    0|  4161600|   32|     1|    133171200|
    |feat2_U  |feat2_RAM_AUTO_1R1W  |     3690|  0|   0|    0|  2080800|   32|     1|     66585600|
    +---------+---------------------+---------+---+----+-----+---------+-----+------+-------------+
    |Total    |                     |    11064|  0|   0|    0|  6242400|   64|     2|    199756800|
    +---------+---------------------+---------+---+----+-----+---------+-----+------+-------------+

    * FIFO: 
    N/A

    * Expression: 
    +------------------------+----------+----+---+----+------------+------------+
    |      Variable Name     | Operation| DSP| FF| LUT| Bitwidth P0| Bitwidth P1|
    +------------------------+----------+----+---+----+------------+------------+
    |add_ln18_fu_3008_p2     |         +|   0|  0|  14|           7|           1|
    |add_ln19_fu_3056_p2     |         +|   0|  0|  15|           8|           1|
    |add_ln20_fu_3086_p2     |         +|   0|  0|  15|           8|           1|
    |add_ln21_1_fu_3070_p2   |         +|   0|  0|  29|          22|          22|
    |add_ln21_fu_3023_p2     |         +|   0|  0|  24|          17|          17|
    |add_ln30_fu_3167_p2     |         +|   0|  0|  13|           6|           1|
    |add_ln31_fu_3215_p2     |         +|   0|  0|  15|           8|           1|
    |add_ln32_fu_3245_p2     |         +|   0|  0|  15|           8|           1|
    |add_ln33_1_fu_3229_p2   |         +|   0|  0|  28|          21|          21|
    |add_ln33_fu_3182_p2     |         +|   0|  0|  23|          16|          16|
    |sub_ln21_1_fu_3044_p2   |         -|   0|  0|  29|          22|          22|
    |sub_ln21_fu_2992_p2     |         -|   0|  0|  23|          16|          16|
    |sub_ln33_1_fu_3203_p2   |         -|   0|  0|  28|          21|          21|
    |sub_ln33_fu_3151_p2     |         -|   0|  0|  22|          15|          15|
    |and_ln21_fu_3126_p2     |       and|   0|  0|   2|           1|           1|
    |and_ln33_fu_3285_p2     |       and|   0|  0|   2|           1|           1|
    |icmp_ln18_fu_3002_p2    |      icmp|   0|  0|  15|           7|           8|
    |icmp_ln19_fu_3050_p2    |      icmp|   0|  0|  15|           8|           2|
    |icmp_ln20_fu_3080_p2    |      icmp|   0|  0|  15|           8|           2|
    |icmp_ln21_1_fu_3116_p2  |      icmp|   0|  0|  30|          23|           1|
    |icmp_ln21_fu_3110_p2    |      icmp|   0|  0|  15|           8|           2|
    |icmp_ln30_fu_3161_p2    |      icmp|   0|  0|  14|           6|           7|
    |icmp_ln31_fu_3209_p2    |      icmp|   0|  0|  15|           8|           2|
    |icmp_ln32_fu_3239_p2    |      icmp|   0|  0|  15|           8|           2|
    |icmp_ln33_1_fu_3275_p2  |      icmp|   0|  0|  30|          23|           1|
    |icmp_ln33_fu_3269_p2    |      icmp|   0|  0|  15|           8|           2|
    |or_ln21_fu_3122_p2      |        or|   0|  0|   2|           1|           1|
    |or_ln33_fu_3281_p2      |        or|   0|  0|   2|           1|           1|
    +------------------------+----------+----+---+----+------------+------------+
    |Total                   |          |   0|  0| 480|         306|         189|
    +------------------------+----------+----+---+----+------------+------------+

    * Multiplexer: 
    +----------------+----+-----------+-----+-----------+
    |      Name      | LUT| Input Size| Bits| Total Bits|
    +----------------+----+-----------+-----+-----------+
    |ap_NS_fsm       |  65|         15|    1|         15|
    |c_1_fu_1478     |   9|          2|    6|         12|
    |c_fu_1474       |   9|          2|    7|         14|
    |feat1_address0  |  26|          5|   22|        110|
    |feat1_ce0       |  20|          4|    1|          4|
    |feat1_d0        |  14|          3|   32|         96|
    |feat1_we0       |  14|          3|    1|          3|
    |feat2_address0  |  26|          5|   21|        105|
    |feat2_ce0       |  20|          4|    1|          4|
    |feat2_d0        |  14|          3|   32|         96|
    |feat2_we0       |  14|          3|    1|          3|
    |grp_fu_2961_p0  |  14|          3|   32|         96|
    |grp_fu_3424_ce  |  20|          4|    1|          4|
    |grp_fu_3424_p0  |  20|          4|   32|        128|
    |grp_fu_3424_p1  |  20|          4|   32|        128|
    |grp_fu_3428_ce  |  20|          4|    1|          4|
    |grp_fu_3428_p0  |  20|          4|   32|        128|
    |grp_fu_3428_p1  |  20|          4|   32|        128|
    |x_1_reg_1549    |   9|          2|    8|         16|
    |x_reg_1527      |   9|          2|    8|         16|
    |y_1_reg_1538    |   9|          2|    8|         16|
    |y_reg_1516      |   9|          2|    8|         16|
    +----------------+----+-----------+-----+-----------+
    |Total           | 401|         84|  319|       1142|
    +----------------+----+-----------+-----+-----------+

    * Register: 
    +--------------------------------+----+----+-----+-----------+
    |              Name              | FF | LUT| Bits| Const Bits|
    +--------------------------------+----+----+-----+-----------+
    |add_ln18_reg_3306               |   7|   0|    7|          0|
    |add_ln19_reg_3326               |   8|   0|    8|          0|
    |add_ln20_reg_3339               |   8|   0|    8|          0|
    |add_ln30_reg_3370               |   6|   0|    6|          0|
    |add_ln31_reg_3388               |   8|   0|    8|          0|
    |add_ln32_reg_3401               |   8|   0|    8|          0|
    |ap_CS_fsm                       |  14|   0|   14|          0|
    |c_1_fu_1478                     |   6|   0|    6|          0|
    |c_fu_1474                       |   7|   0|    7|          0|
    |empty_reg_3375                  |  32|   0|   32|          0|
    |feat1_addr_reg_3331             |  22|   0|   22|          0|
    |feat2_addr_reg_3393             |  21|   0|   21|          0|
    |grp_conv1_fu_1560_ap_start_reg  |   1|   0|    1|          0|
    |grp_conv2_fu_2938_ap_start_reg  |   1|   0|    1|          0|
    |grp_conv3_fu_2950_ap_start_reg  |   1|   0|    1|          0|
    |icmp_ln21_1_reg_3354            |   1|   0|    1|          0|
    |icmp_ln21_reg_3349              |   1|   0|    1|          0|
    |icmp_ln33_1_reg_3416            |   1|   0|    1|          0|
    |icmp_ln33_reg_3411              |   1|   0|    1|          0|
    |sext_ln18_reg_3298              |  17|   0|   17|          0|
    |sext_ln30_reg_3362              |  16|   0|   16|          0|
    |sub_ln21_1_reg_3318             |  22|   0|   22|          0|
    |sub_ln33_1_reg_3380             |  21|   0|   21|          0|
    |x_1_reg_1549                    |   8|   0|    8|          0|
    |x_reg_1527                      |   8|   0|    8|          0|
    |y_1_reg_1538                    |   8|   0|    8|          0|
    |y_reg_1516                      |   8|   0|    8|          0|
    +--------------------------------+----+----+-----+-----------+
    |Total                           | 262|   0|  262|          0|
    +--------------------------------+----+----+-----+-----------+



================================================================
== Interface
================================================================
* Summary: 
+------------------------+-----+-----+------------+---------------+--------------+
|        RTL Ports       | Dir | Bits|  Protocol  | Source Object |    C Type    |
+------------------------+-----+-----+------------+---------------+--------------+
|ap_clk                  |   in|    1|  ap_ctrl_hs|          srcnn|  return value|
|ap_rst                  |   in|    1|  ap_ctrl_hs|          srcnn|  return value|
|ap_start                |   in|    1|  ap_ctrl_hs|          srcnn|  return value|
|ap_done                 |  out|    1|  ap_ctrl_hs|          srcnn|  return value|
|ap_idle                 |  out|    1|  ap_ctrl_hs|          srcnn|  return value|
|ap_ready                |  out|    1|  ap_ctrl_hs|          srcnn|  return value|
|input_ftmap_address0    |  out|   16|   ap_memory|    input_ftmap|         array|
|input_ftmap_ce0         |  out|    1|   ap_memory|    input_ftmap|         array|
|input_ftmap_q0          |   in|   32|   ap_memory|    input_ftmap|         array|
|conv1_weights_address0  |  out|   13|   ap_memory|  conv1_weights|         array|
|conv1_weights_ce0       |  out|    1|   ap_memory|  conv1_weights|         array|
|conv1_weights_q0        |   in|   32|   ap_memory|  conv1_weights|         array|
|conv1_biases_address0   |  out|    6|   ap_memory|   conv1_biases|         array|
|conv1_biases_ce0        |  out|    1|   ap_memory|   conv1_biases|         array|
|conv1_biases_q0         |   in|   32|   ap_memory|   conv1_biases|         array|
|conv2_weights_address0  |  out|   11|   ap_memory|  conv2_weights|         array|
|conv2_weights_ce0       |  out|    1|   ap_memory|  conv2_weights|         array|
|conv2_weights_q0        |   in|   32|   ap_memory|  conv2_weights|         array|
|conv2_biases_address0   |  out|    5|   ap_memory|   conv2_biases|         array|
|conv2_biases_ce0        |  out|    1|   ap_memory|   conv2_biases|         array|
|conv2_biases_q0         |   in|   32|   ap_memory|   conv2_biases|         array|
|conv3_weights_address0  |  out|   10|   ap_memory|  conv3_weights|         array|
|conv3_weights_ce0       |  out|    1|   ap_memory|  conv3_weights|         array|
|conv3_weights_q0        |   in|   32|   ap_memory|  conv3_weights|         array|
|conv3_biases            |   in|   32|     ap_none|   conv3_biases|       pointer|
|output_ftmap_address0   |  out|   16|   ap_memory|   output_ftmap|         array|
|output_ftmap_ce0        |  out|    1|   ap_memory|   output_ftmap|         array|
|output_ftmap_we0        |  out|    1|   ap_memory|   output_ftmap|         array|
|output_ftmap_d0         |  out|   32|   ap_memory|   output_ftmap|         array|
+------------------------+-----+-----+------------+---------------+--------------+

